#
# A fatal error has been detected by the Java Runtime Environment:
#
#  SIGSEGV (0xb) at pc=0x00000001315cb914, pid=45737, tid=0x0000000000001b03
#
# JRE version: Java(TM) SE Runtime Environment (8.0_161-b12) (build 1.8.0_161-b12)
# Java VM: Java HotSpot(TM) 64-Bit Server VM (25.161-b12 mixed mode bsd-amd64 compressed oops)
# Problematic frame:
# C  [libtesseract.dylib+0x18914]  _ZN9tesseract9Tesseract15recog_all_wordsEP8PAGE_RESP10ETEXT_DESCPK4TBOXPKci+0xb8
#
# Failed to write core dump. Core dumps have been disabled. To enable core dumping, try "ulimit -c unlimited" before starting Java again
#
# If you would like to submit a bug report, please visit:
#   http://bugreport.java.com/bugreport/crash.jsp
# The crash happened outside the Java Virtual Machine in native code.
# See problematic frame for where to report the bug.
#

---------------  T H R E A D  ---------------

Current thread (0x00007f87b9808000):  JavaThread "main" [_thread_in_native, id=6915, stack(0x00007000079b2000,0x0000700007ab2000)]

siginfo: si_signo: 11 (SIGSEGV), si_code: 1 (SEGV_MAPERR), si_addr: 0x000000000000000c

Registers:
RAX=0x0000000000000000, RBX=0x00007f87b89bedc0, RCX=0x0000000000000000, RDX=0x0000000000000001
RSP=0x0000700007ab0630, RBP=0x0000700007ab07e0, RSI=0x0000000000000001, RDI=0x0000700007ab0680
R8 =0x0000000000000000, R9 =0x0000000000000000, R10=0x00000000fffff800, R11=0xffffffffffeb7000
R12=0x0000000000000000, R13=0x00000001151d5000, R14=0x0000000000000000, R15=0x0000000000000000
RIP=0x00000001315cb914, EFLAGS=0x0000000000010246, ERR=0x0000000000000004
  TRAPNO=0x000000000000000e

Top of Stack: (sp=0x0000700007ab0630)
0x0000700007ab0630:   00007f87b89bedc0 0000000000000000
0x0000700007ab0640:   0000000000000000 0000000000000000
0x0000700007ab0650:   00007f87b89ecfb0 00007f87b89d79f0
0x0000700007ab0660:   00007f87b89d7950 0000000000000000
0x0000700007ab0670:   0000000000000000 0000000000000000
0x0000700007ab0680:   00007f87b89bedc8 00007f87b89d7950
0x0000700007ab0690:   00007f87b89d7950 00007f87b89d7950
0x0000700007ab06a0:   00007f87b89d7950 00007f87b8010000
0x0000700007ab06b0:   00007f87b89d7978 00007f87b89d79f0
0x0000700007ab06c0:   00007f87b89d79f0 00007f87b89d79f0
0x0000700007ab06d0:   00007f87b89d79f0 00007f87b8010000
0x0000700007ab06e0:   00007f87b89d7a10 00007f87b89d7a20
0x0000700007ab06f0:   00007f87b89ecfb0 00007f87b89d7a20
0x0000700007ab0700:   00007f87b89ecfb0 00000001cd010000
0x0000700007ab0710:   00007f87b89d7a10 00007f87b89d7a20
0x0000700007ab0720:   00007f87b89ecfb0 00007f87b89d7a20
0x0000700007ab0730:   00007f87b89ecfb0 0000000000000000
0x0000700007ab0740:   00007f87b89d7a10 00007f87b89d7a20
0x0000700007ab0750:   00007f87b89ecfb0 00007f87b89d7a20
0x0000700007ab0760:   00007f87b89ecfb0 00007f87b8000000
0x0000700007ab0770:   00007f87b64aef80 00007f87b89d7890
0x0000700007ab0780:   0000700007ab07b0 00000001317190b6
0x0000700007ab0790:   00007f87b89d50a0 00007f87b89d50a0
0x0000700007ab07a0:   0000000000000000 0000000000000000
0x0000700007ab07b0:   00007f87b89bedc0 0000700007ab0801
0x0000700007ab07c0:   00007f87b89d50a0 00000001151d5000
0x0000700007ab07d0:   00000000ffffffff 0000000000000000
0x0000700007ab07e0:   0000700007ab0850 00000001315b7242
0x0000700007ab07f0:   000000010d170000 fd00000070001002
0x0000700007ab0800:   000000010d17ffff 0000000000000000
0x0000700007ab0810:   0000000000000000 000000012d30d464
0x0000700007ab0820:   01007fffd5e5d000 00007f87b89d50a0 

Instructions: (pc=0x00000001315cb914)
0x00000001315cb8f4:   e8 17 6f 12 00 41 83 bd 08 14 00 00 00 7e 0a 4c
0x00000001315cb904:   89 ef e8 87 eb 0b 00 eb 15 49 8b 85 b0 09 00 00
0x00000001315cb914:   80 78 0c 00 74 08 4c 89 ef e8 e4 eb 0b 00 41 83
0x00000001315cb924:   bd d8 44 02 00 00 7e 3e 31 db 49 8b 85 e0 44 02 

Register to memory mapping:

RAX=0x0000000000000000 is an unknown value
RBX=0x00007f87b89bedc0 is an unknown value
RCX=0x0000000000000000 is an unknown value
RDX=0x0000000000000001 is an unknown value
RSP=0x0000700007ab0630 is pointing into the stack for thread: 0x00007f87b9808000
RBP=0x0000700007ab07e0 is pointing into the stack for thread: 0x00007f87b9808000
RSI=0x0000000000000001 is an unknown value
RDI=0x0000700007ab0680 is pointing into the stack for thread: 0x00007f87b9808000
R8 =0x0000000000000000 is an unknown value
R9 =0x0000000000000000 is an unknown value
R10=0x00000000fffff800 is an unknown value
R11=0xffffffffffeb7000 is an unknown value
R12=0x0000000000000000 is an unknown value
R13=0x00000001151d5000 is an unknown value
R14=0x0000000000000000 is an unknown value
R15=0x0000000000000000 is an unknown value


Stack: [0x00007000079b2000,0x0000700007ab2000],  sp=0x0000700007ab0630,  free space=1017k
Native frames: (J=compiled Java code, j=interpreted, Vv=VM code, C=native code)
C  [libtesseract.dylib+0x18914]  _ZN9tesseract9Tesseract15recog_all_wordsEP8PAGE_RESP10ETEXT_DESCPK4TBOXPKci+0xb8
C  [libtesseract.dylib+0x4242]  _ZN9tesseract11TessBaseAPI9RecognizeEP10ETEXT_DESC+0x374
C  [libtesseract.dylib+0x316d]  _ZN9tesseract11TessBaseAPI11GetUTF8TextEv+0x2b
C  [jna8492921738873514017.tmp+0xde74]  ffi_call_unix64+0x4c
C  0x0000700007ab1298

Java frames: (J=compiled Java code, j=interpreted, Vv=VM code)
j  com.sun.jna.Native.invokePointer(Lcom/sun/jna/Function;JI[Ljava/lang/Object;)J+0
j  com.sun.jna.Function.invokePointer(I[Ljava/lang/Object;)Lcom/sun/jna/Pointer;+7
j  com.sun.jna.Function.invoke([Ljava/lang/Object;Ljava/lang/Class;ZI)Ljava/lang/Object;+385
j  com.sun.jna.Function.invoke(Ljava/lang/reflect/Method;[Ljava/lang/Class;Ljava/lang/Class;[Ljava/lang/Object;Ljava/util/Map;)Ljava/lang/Object;+271
j  com.sun.jna.Library$Handler.invoke(Ljava/lang/Object;Ljava/lang/reflect/Method;[Ljava/lang/Object;)Ljava/lang/Object;+390
j  com.sun.proxy.$Proxy0.TessBaseAPIGetUTF8Text(Lnet/sourceforge/tess4j/ITessAPI$TessBaseAPI;)Lcom/sun/jna/Pointer;+16
j  net.sourceforge.tess4j.Tesseract.getOCRText(Ljava/lang/String;I)Ljava/lang/String;+269
j  net.sourceforge.tess4j.Tesseract.doOCR(Ljavax/imageio/IIOImage;Ljava/lang/String;Ljava/awt/Rectangle;I)Ljava/lang/String;+18
j  net.sourceforge.tess4j.Tesseract.doOCR(Ljava/io/File;Ljava/awt/Rectangle;)Ljava/lang/String;+126
j  net.sourceforge.tess4j.Tesseract.doOCR(Ljava/io/File;)Ljava/lang/String;+3
j  ocrdemo.ReadCaptcha.main([Ljava/lang/String;)V+147
v  ~StubRoutines::call_stub

---------------  P R O C E S S  ---------------

Java Threads: ( => current thread )
  0x00007f87b999e000 JavaThread "Java2D Disposer" daemon [_thread_blocked, id=65351, stack(0x00007000099c3000,0x0000700009ac3000)]
  0x00007f87b727f800 JavaThread "AWT-Shutdown" [_thread_blocked, id=37671, stack(0x00007000096b4000,0x00007000097b4000)]
  0x00007f87b9b6a000 JavaThread "AWT-AppKit" daemon [_thread_in_native, id=775, stack(0x00007fff522ac000,0x00007fff52aac000)]
  0x00007f87b9aa9000 JavaThread "Attach Listener" daemon [_thread_blocked, id=26627, stack(0x00007000095b1000,0x00007000096b1000)]
  0x00007f87b6aca800 JavaThread "Okio Watchdog" daemon [_thread_blocked, id=26115, stack(0x00007000094ae000,0x00007000095ae000)]
  0x00007f87b9aa1800 JavaThread "OkHttp ConnectionPool" daemon [_thread_blocked, id=25603, stack(0x00007000093ab000,0x00007000094ab000)]
  0x00007f87b6aa2800 JavaThread "Exec Stream Pumper" daemon [_thread_in_native, id=24579, stack(0x00007000091a5000,0x00007000092a5000)]
  0x00007f87b7883800 JavaThread "Exec Stream Pumper" daemon [_thread_in_native, id=24067, stack(0x00007000090a2000,0x00007000091a2000)]
  0x00007f87ba077800 JavaThread "process reaper" daemon [_thread_in_native, id=23555, stack(0x0000700009077000,0x000070000909f000)]
  0x00007f87ba076800 JavaThread "UrlChecker-2" daemon [_thread_blocked, id=23043, stack(0x0000700008f74000,0x0000700009074000)]
  0x00007f87b6a9c800 JavaThread "Exec Default Executor" daemon [_thread_blocked, id=22531, stack(0x0000700008e71000,0x0000700008f71000)]
  0x00007f87b6830800 JavaThread "Service Thread" daemon [_thread_blocked, id=21507, stack(0x0000700008c6b000,0x0000700008d6b000)]
  0x00007f87b780f800 JavaThread "C1 CompilerThread3" daemon [_thread_blocked, id=20995, stack(0x0000700008b68000,0x0000700008c68000)]
  0x00007f87b780e800 JavaThread "C2 CompilerThread2" daemon [_thread_blocked, id=20483, stack(0x0000700008a65000,0x0000700008b65000)]
  0x00007f87b7800800 JavaThread "C2 CompilerThread1" daemon [_thread_blocked, id=19971, stack(0x0000700008962000,0x0000700008a62000)]
  0x00007f87b6a18000 JavaThread "C2 CompilerThread0" daemon [_thread_blocked, id=19459, stack(0x000070000885f000,0x000070000895f000)]
  0x00007f87b6a1b000 JavaThread "Monitor Ctrl-Break" daemon [_thread_in_native, id=18947, stack(0x000070000875c000,0x000070000885c000)]
  0x00007f87b700e800 JavaThread "Signal Dispatcher" daemon [_thread_blocked, id=18435, stack(0x0000700008659000,0x0000700008759000)]
  0x00007f87b901f000 JavaThread "Finalizer" daemon [_thread_blocked, id=14339, stack(0x00007000084d3000,0x00007000085d3000)]
  0x00007f87b901c000 JavaThread "Reference Handler" daemon [_thread_blocked, id=13827, stack(0x00007000083d0000,0x00007000084d0000)]
=>0x00007f87b9808000 JavaThread "main" [_thread_in_native, id=6915, stack(0x00007000079b2000,0x0000700007ab2000)]

Other Threads:
  0x00007f87b9017800 VMThread [stack: 0x00007000082cd000,0x00007000083cd000] [id=13315]
  0x00007f87ba824000 WatcherThread [stack: 0x0000700008d6e000,0x0000700008e6e000] [id=22019]

VM state:not at safepoint (normal execution)

VM Mutex/Monitor currently owned by a thread: None

Heap:
 PSYoungGen      total 76288K, used 30538K [0x000000076ab00000, 0x0000000770000000, 0x00000007c0000000)
  eden space 65536K, 34% used [0x000000076ab00000,0x000000076c12a410,0x000000076eb00000)
  from space 10752K, 72% used [0x000000076eb00000,0x000000076f2a8588,0x000000076f580000)
  to   space 10752K, 0% used [0x000000076f580000,0x000000076f580000,0x0000000770000000)
 ParOldGen       total 175104K, used 24K [0x00000006c0000000, 0x00000006cab00000, 0x000000076ab00000)
  object space 175104K, 0% used [0x00000006c0000000,0x00000006c0006000,0x00000006cab00000)
 Metaspace       used 16638K, capacity 17366K, committed 17664K, reserved 1064960K
  class space    used 2036K, capacity 2243K, committed 2304K, reserved 1048576K

Card table byte_map: [0x000000010f5f8000,0x000000010fdf9000] byte_map_base: 0x000000010bff8000

Marking Bits: (ParMarkBitMap*) 0x000000010eaf76c0
 Begin Bits: [0x0000000124d11000, 0x0000000128d11000)
 End Bits:   [0x0000000128d11000, 0x000000012cd11000)

Polling page: 0x000000010d1df000

CodeCache: size=245760Kb used=5264Kb max_used=5264Kb free=240495Kb
 bounds [0x0000000115d11000, 0x0000000116241000, 0x0000000124d11000]
 total_blobs=1947 nmethods=1502 adapters=358
 compilation: enabled

Compilation events (10 events):
Event: 36.497 Thread 0x00007f87b780f800 1498       3       com.sun.imageio.plugins.png.PNGImageReader::paethPredictor (57 bytes)
Event: 36.497 Thread 0x00007f87b780f800 nmethod 1498 0x00000001162305d0 code [0x0000000116230760, 0x0000000116230b70]
Event: 36.497 Thread 0x00007f87b6a18000 1499       4       com.sun.imageio.plugins.png.PNGImageReader::paethPredictor (57 bytes)
Event: 36.498 Thread 0x00007f87b780f800 1500       3       java.io.BufferedInputStream::getInIfOpen (21 bytes)
Event: 36.498 Thread 0x00007f87b780f800 nmethod 1500 0x0000000116230150 code [0x00000001162302c0, 0x0000000116230508]
Event: 36.498 Thread 0x00007f87b6a18000 nmethod 1499 0x000000011622d290 code [0x000000011622d3c0, 0x000000011622d458]
Event: 36.500 Thread 0x00007f87b780f800 1501       3       sun.awt.image.ByteInterleavedRaster::putByteData (834 bytes)
Event: 36.502 Thread 0x00007f87b780f800 nmethod 1501 0x0000000116235810 code [0x0000000116235b00, 0x0000000116237268]
Event: 36.502 Thread 0x00007f87b780f800 1502       3       sun.awt.image.ByteInterleavedRaster::getByteData (851 bytes)
Event: 36.503 Thread 0x00007f87b780f800 nmethod 1502 0x0000000116238950 code [0x0000000116238c40, 0x000000011623a488]

GC Heap History (2 events):
Event: 2.874 GC heap before
{Heap before GC invocations=1 (full 0):
 PSYoungGen      total 76288K, used 65536K [0x000000076ab00000, 0x0000000770000000, 0x00000007c0000000)
  eden space 65536K, 100% used [0x000000076ab00000,0x000000076eb00000,0x000000076eb00000)
  from space 10752K, 0% used [0x000000076f580000,0x000000076f580000,0x0000000770000000)
  to   space 10752K, 0% used [0x000000076eb00000,0x000000076eb00000,0x000000076f580000)
 ParOldGen       total 175104K, used 0K [0x00000006c0000000, 0x00000006cab00000, 0x000000076ab00000)
  object space 175104K, 0% used [0x00000006c0000000,0x00000006c0000000,0x00000006cab00000)
 Metaspace       used 13564K, capacity 14348K, committed 14464K, reserved 1062912K
  class space    used 1692K, capacity 1920K, committed 1920K, reserved 1048576K
Event: 2.885 GC heap after
Heap after GC invocations=1 (full 0):
 PSYoungGen      total 76288K, used 7841K [0x000000076ab00000, 0x0000000770000000, 0x00000007c0000000)
  eden space 65536K, 0% used [0x000000076ab00000,0x000000076ab00000,0x000000076eb00000)
  from space 10752K, 72% used [0x000000076eb00000,0x000000076f2a8588,0x000000076f580000)
  to   space 10752K, 0% used [0x000000076f580000,0x000000076f580000,0x0000000770000000)
 ParOldGen       total 175104K, used 24K [0x00000006c0000000, 0x00000006cab00000, 0x000000076ab00000)
  object space 175104K, 0% used [0x00000006c0000000,0x00000006c0006000,0x00000006cab00000)
 Metaspace       used 13564K, capacity 14348K, committed 14464K, reserved 1062912K
  class space    used 1692K, capacity 1920K, committed 1920K, reserved 1048576K
}

Deoptimization events (10 events):
Event: 2.853 Thread 0x00007f87b9808000 Uncommon trap: reason=class_check action=maybe_recompile pc=0x000000011617d7b0 method=org.openqa.selenium.json.Input.init()V @ 18
Event: 2.853 Thread 0x00007f87b9808000 Uncommon trap: reason=class_check action=maybe_recompile pc=0x000000011617d7b0 method=org.openqa.selenium.json.Input.init()V @ 18
Event: 2.853 Thread 0x00007f87b9808000 Uncommon trap: reason=class_check action=maybe_recompile pc=0x000000011617d7b0 method=org.openqa.selenium.json.Input.init()V @ 18
Event: 2.900 Thread 0x00007f87b9808000 Uncommon trap: reason=unstable_if action=reinterpret pc=0x00000001160f01bc method=java.lang.ref.SoftReference.get()Ljava/lang/Object; @ 17
Event: 29.522 Thread 0x00007f87b9808000 Uncommon trap: reason=unstable_if action=reinterpret pc=0x00000001160d0384 method=java.lang.String.lastIndexOf([CII[CIII)I @ 17
Event: 36.423 Thread 0x00007f87b9808000 Uncommon trap: reason=unstable_if action=reinterpret pc=0x0000000116205d44 method=java.lang.String.lastIndexOf([CII[CIII)I @ 118
Event: 36.444 Thread 0x00007f87b9808000 Uncommon trap: reason=unstable_if action=reinterpret pc=0x0000000116179db0 method=java.util.HashMap.getNode(ILjava/lang/Object;)Ljava/util/HashMap$Node; @ 62
Event: 36.444 Thread 0x00007f87b9808000 Uncommon trap: reason=unstable_if action=reinterpret pc=0x0000000116080530 method=java.util.HashMap.putVal(ILjava/lang/Object;Ljava/lang/Object;ZZ)Ljava/lang/Object; @ 94
Event: 36.444 Thread 0x00007f87b9808000 Uncommon trap: reason=unstable_if action=reinterpret pc=0x00000001160bd914 method=java.util.HashMap.getNode(ILjava/lang/Object;)Ljava/util/HashMap$Node; @ 62
Event: 36.444 Thread 0x00007f87b9808000 Uncommon trap: reason=unstable_if action=reinterpret pc=0x0000000115ffe558 method=java.util.HashMap.putVal(ILjava/lang/Object;Ljava/lang/Object;ZZ)Ljava/lang/Object; @ 94

Classes redefined (0 events):
No events

Internal exceptions (10 events):
Event: 0.908 Thread 0x00007f87b9808000 Exception <a 'java/lang/NoSuchMethodError': java.lang.Object.lambda$chars$0()Ljava/util/Spliterator$OfInt;> (0x000000076d7f8238) thrown at [/Users/java_re/workspace/8-2-build-macosx-x86_64/jdk8u161/10277/hotspot/src/share/vm/interpreter/linkResolver.cpp, 
Event: 2.863 Thread 0x00007f87b9808000 Exception <a 'java/lang/NoSuchMethodError': java.lang.Object.lambda$getResponseFunction$0(Lorg/openqa/selenium/remote/InitialHandshakeResponse;)Lorg/openqa/selenium/remote/ProtocolHandshake$Result;> (0x000000076ea89310) thrown at [/Users/java_re/workspace
Event: 2.905 Thread 0x00007f87b9808000 Exception <a 'java/net/SocketTimeoutException': Read timed out> (0x000000076ad30818) thrown at [/Users/java_re/workspace/8-2-build-macosx-x86_64/jdk8u161/10277/hotspot/src/share/vm/prims/jni.cpp, line 735]
Event: 19.875 Thread 0x00007f87b9808000 Exception <a 'java/net/SocketTimeoutException': Read timed out> (0x000000076ad7c2a0) thrown at [/Users/java_re/workspace/8-2-build-macosx-x86_64/jdk8u161/10277/hotspot/src/share/vm/prims/jni.cpp, line 735]
Event: 19.881 Thread 0x00007f87b9808000 Exception <a 'java/net/SocketTimeoutException': Read timed out> (0x000000076add9b88) thrown at [/Users/java_re/workspace/8-2-build-macosx-x86_64/jdk8u161/10277/hotspot/src/share/vm/prims/jni.cpp, line 735]
Event: 19.896 Thread 0x00007f87b9808000 Exception <a 'java/net/SocketTimeoutException': Read timed out> (0x000000076ae01bf8) thrown at [/Users/java_re/workspace/8-2-build-macosx-x86_64/jdk8u161/10277/hotspot/src/share/vm/prims/jni.cpp, line 735]
Event: 29.155 Thread 0x00007f87b9808000 Exception <a 'java/net/SocketTimeoutException': Read timed out> (0x000000076af5bd18) thrown at [/Users/java_re/workspace/8-2-build-macosx-x86_64/jdk8u161/10277/hotspot/src/share/vm/prims/jni.cpp, line 735]
Event: 29.521 Thread 0x00007f87b9808000 Exception <a 'java/io/FileNotFoundException'> (0x000000076b3c6f68) thrown at [/Users/java_re/workspace/8-2-build-macosx-x86_64/jdk8u161/10277/hotspot/src/share/vm/prims/jni.cpp, line 709]
Event: 36.344 Thread 0x00007f87b9808000 Exception <a 'java/io/FileNotFoundException'> (0x000000076b697140) thrown at [/Users/java_re/workspace/8-2-build-macosx-x86_64/jdk8u161/10277/hotspot/src/share/vm/prims/jni.cpp, line 709]
Event: 36.345 Thread 0x00007f87b9808000 Exception <a 'java/io/FileNotFoundException'> (0x000000076b697cc0) thrown at [/Users/java_re/workspace/8-2-build-macosx-x86_64/jdk8u161/10277/hotspot/src/share/vm/prims/jni.cpp, line 709]

Events (10 events):
Event: 36.496 loading class sun/awt/image/ShortComponentRaster
Event: 36.496 loading class sun/awt/image/ShortComponentRaster done
Event: 36.496 loading class com/sun/imageio/plugins/common/ReaderUtil
Event: 36.496 loading class com/sun/imageio/plugins/common/ReaderUtil done
Event: 36.498 loading class javax/imageio/IIOImage
Event: 36.499 loading class javax/imageio/IIOImage done
Event: 36.501 loading class java/lang/StrictMath
Event: 36.501 loading class java/lang/StrictMath done
Event: 36.501 loading class com/sun/jna/Native$Buffers
Event: 36.501 loading class com/sun/jna/Native$Buffers done


Dynamic libraries:
0x0000000042331000 	/System/Library/Frameworks/Cocoa.framework/Versions/A/Cocoa
0x0000000042331000 	/System/Library/Frameworks/Security.framework/Versions/A/Security
0x0000000042331000 	/System/Library/Frameworks/ApplicationServices.framework/Versions/A/ApplicationServices
0x0000000042331000 	/usr/lib/libz.1.dylib
0x0000000042331000 	/usr/lib/libSystem.B.dylib
0x0000000042331000 	/usr/lib/libobjc.A.dylib
0x0000000042331000 	/System/Library/Frameworks/CoreFoundation.framework/Versions/A/CoreFoundation
0x0000000042331000 	/System/Library/Frameworks/Foundation.framework/Versions/C/Foundation
0x0000000042331000 	/System/Library/Frameworks/AppKit.framework/Versions/C/AppKit
0x0000000042331000 	/System/Library/Frameworks/CoreData.framework/Versions/A/CoreData
0x0000000042331000 	/System/Library/PrivateFrameworks/RemoteViewServices.framework/Versions/A/RemoteViewServices
0x0000000042331000 	/System/Library/PrivateFrameworks/UIFoundation.framework/Versions/A/UIFoundation
0x0000000042331000 	/System/Library/PrivateFrameworks/DFRFoundation.framework/Versions/A/DFRFoundation
0x0000000042331000 	/usr/lib/libenergytrace.dylib
0x0000000042331000 	/System/Library/PrivateFrameworks/SkyLight.framework/Versions/A/SkyLight
0x0000000042331000 	/System/Library/Frameworks/CoreGraphics.framework/Versions/A/CoreGraphics
0x0000000042331000 	/usr/lib/libScreenReader.dylib
0x0000000042331000 	/System/Library/Frameworks/Accelerate.framework/Versions/A/Accelerate
0x0000000042331000 	/System/Library/Frameworks/IOSurface.framework/Versions/A/IOSurface
0x0000000042331000 	/System/Library/Frameworks/AudioToolbox.framework/Versions/A/AudioToolbox
0x0000000042331000 	/System/Library/Frameworks/AudioUnit.framework/Versions/A/AudioUnit
0x0000000042331000 	/System/Library/PrivateFrameworks/DataDetectorsCore.framework/Versions/A/DataDetectorsCore
0x0000000042331000 	/System/Library/PrivateFrameworks/DesktopServicesPriv.framework/Versions/A/DesktopServicesPriv
0x0000000042331000 	/System/Library/Frameworks/Carbon.framework/Versions/A/Frameworks/HIToolbox.framework/Versions/A/HIToolbox
0x0000000042331000 	/usr/lib/libicucore.A.dylib
0x0000000042331000 	/System/Library/Frameworks/QuartzCore.framework/Versions/A/QuartzCore
0x0000000042331000 	/System/Library/Frameworks/Carbon.framework/Versions/A/Frameworks/SpeechRecognition.framework/Versions/A/SpeechRecognition
0x0000000042331000 	/usr/lib/libauto.dylib
0x0000000042331000 	/usr/lib/libxml2.2.dylib
0x0000000042331000 	/System/Library/PrivateFrameworks/CoreUI.framework/Versions/A/CoreUI
0x0000000042331000 	/System/Library/Frameworks/CoreAudio.framework/Versions/A/CoreAudio
0x0000000042331000 	/System/Library/Frameworks/DiskArbitration.framework/Versions/A/DiskArbitration
0x0000000042331000 	/usr/lib/liblangid.dylib
0x0000000042331000 	/System/Library/PrivateFrameworks/MultitouchSupport.framework/Versions/A/MultitouchSupport
0x0000000042331000 	/System/Library/Frameworks/IOKit.framework/Versions/A/IOKit
0x0000000042331000 	/usr/lib/libDiagnosticMessagesClient.dylib
0x0000000042331000 	/System/Library/Frameworks/CoreServices.framework/Versions/A/CoreServices
0x0000000042331000 	/System/Library/PrivateFrameworks/PerformanceAnalysis.framework/Versions/A/PerformanceAnalysis
0x0000000042331000 	/System/Library/PrivateFrameworks/GenerationalStorage.framework/Versions/A/GenerationalStorage
0x0000000042331000 	/System/Library/Frameworks/OpenGL.framework/Versions/A/OpenGL
0x0000000042331000 	/System/Library/Frameworks/CoreImage.framework/Versions/A/CoreImage
0x0000000042331000 	/System/Library/Frameworks/CoreText.framework/Versions/A/CoreText
0x0000000042331000 	/System/Library/Frameworks/ImageIO.framework/Versions/A/ImageIO
0x0000000042331000 	/System/Library/PrivateFrameworks/Backup.framework/Versions/A/Backup
0x0000000042331000 	/usr/lib/libarchive.2.dylib
0x0000000042331000 	/System/Library/Frameworks/CFNetwork.framework/Versions/A/CFNetwork
0x0000000042331000 	/System/Library/Frameworks/SystemConfiguration.framework/Versions/A/SystemConfiguration
0x0000000042331000 	/usr/lib/libCRFSuite.dylib
0x0000000042331000 	/usr/lib/libc++.1.dylib
0x0000000042331000 	/usr/lib/libc++abi.dylib
0x0000000042331000 	/usr/lib/system/libcache.dylib
0x0000000042331000 	/usr/lib/system/libcommonCrypto.dylib
0x0000000042331000 	/usr/lib/system/libcompiler_rt.dylib
0x0000000042331000 	/usr/lib/system/libcopyfile.dylib
0x0000000042331000 	/usr/lib/system/libcorecrypto.dylib
0x0000000042331000 	/usr/lib/system/libdispatch.dylib
0x0000000042331000 	/usr/lib/system/libdyld.dylib
0x0000000042331000 	/usr/lib/system/libkeymgr.dylib
0x0000000042331000 	/usr/lib/system/liblaunch.dylib
0x0000000042331000 	/usr/lib/system/libmacho.dylib
0x0000000042331000 	/usr/lib/system/libquarantine.dylib
0x0000000042331000 	/usr/lib/system/libremovefile.dylib
0x0000000042331000 	/usr/lib/system/libsystem_asl.dylib
0x0000000042331000 	/usr/lib/system/libsystem_blocks.dylib
0x0000000042331000 	/usr/lib/system/libsystem_c.dylib
0x0000000042331000 	/usr/lib/system/libsystem_configuration.dylib
0x0000000042331000 	/usr/lib/system/libsystem_coreservices.dylib
0x0000000042331000 	/usr/lib/system/libsystem_coretls.dylib
0x0000000042331000 	/usr/lib/system/libsystem_dnssd.dylib
0x0000000042331000 	/usr/lib/system/libsystem_info.dylib
0x0000000042331000 	/usr/lib/system/libsystem_kernel.dylib
0x0000000042331000 	/usr/lib/system/libsystem_m.dylib
0x0000000042331000 	/usr/lib/system/libsystem_malloc.dylib
0x0000000042331000 	/usr/lib/system/libsystem_network.dylib
0x0000000042331000 	/usr/lib/system/libsystem_networkextension.dylib
0x0000000042331000 	/usr/lib/system/libsystem_notify.dylib
0x0000000042331000 	/usr/lib/system/libsystem_platform.dylib
0x0000000042331000 	/usr/lib/system/libsystem_pthread.dylib
0x0000000042331000 	/usr/lib/system/libsystem_sandbox.dylib
0x0000000042331000 	/usr/lib/system/libsystem_secinit.dylib
0x0000000042331000 	/usr/lib/system/libsystem_symptoms.dylib
0x0000000042331000 	/usr/lib/system/libsystem_trace.dylib
0x0000000042331000 	/usr/lib/system/libunwind.dylib
0x0000000042331000 	/usr/lib/system/libxpc.dylib
0x0000000042331000 	/usr/lib/libbsm.0.dylib
0x0000000042331000 	/usr/lib/system/libkxld.dylib
0x0000000042331000 	/usr/lib/libcoretls.dylib
0x0000000042331000 	/usr/lib/libcoretls_cfhelpers.dylib
0x0000000042331000 	/usr/lib/libOpenScriptingUtil.dylib
0x0000000042331000 	/usr/lib/libpam.2.dylib
0x0000000042331000 	/usr/lib/libsqlite3.dylib
0x0000000042331000 	/usr/lib/libxar.1.dylib
0x0000000042331000 	/usr/lib/libbz2.1.0.dylib
0x0000000042331000 	/usr/lib/liblzma.5.dylib
0x0000000042331000 	/usr/lib/libnetwork.dylib
0x0000000042331000 	/usr/lib/libpcap.A.dylib
0x0000000042331000 	/System/Library/Frameworks/CoreServices.framework/Versions/A/Frameworks/FSEvents.framework/Versions/A/FSEvents
0x0000000042331000 	/System/Library/Frameworks/CoreServices.framework/Versions/A/Frameworks/CarbonCore.framework/Versions/A/CarbonCore
0x0000000042331000 	/System/Library/Frameworks/CoreServices.framework/Versions/A/Frameworks/Metadata.framework/Versions/A/Metadata
0x0000000042331000 	/System/Library/Frameworks/CoreServices.framework/Versions/A/Frameworks/OSServices.framework/Versions/A/OSServices
0x0000000042331000 	/System/Library/Frameworks/CoreServices.framework/Versions/A/Frameworks/SearchKit.framework/Versions/A/SearchKit
0x0000000042331000 	/System/Library/Frameworks/CoreServices.framework/Versions/A/Frameworks/AE.framework/Versions/A/AE
0x0000000042331000 	/System/Library/Frameworks/CoreServices.framework/Versions/A/Frameworks/LaunchServices.framework/Versions/A/LaunchServices
0x0000000042331000 	/System/Library/Frameworks/CoreServices.framework/Versions/A/Frameworks/DictionaryServices.framework/Versions/A/DictionaryServices
0x0000000042331000 	/System/Library/Frameworks/CoreServices.framework/Versions/A/Frameworks/SharedFileList.framework/Versions/A/SharedFileList
0x0000000042331000 	/System/Library/Frameworks/NetFS.framework/Versions/A/NetFS
0x0000000042331000 	/System/Library/PrivateFrameworks/NetAuth.framework/Versions/A/NetAuth
0x0000000042331000 	/System/Library/PrivateFrameworks/login.framework/Versions/A/Frameworks/loginsupport.framework/Versions/A/loginsupport
0x0000000042331000 	/System/Library/PrivateFrameworks/TCC.framework/Versions/A/TCC
0x0000000042331000 	/usr/lib/libmecabra.dylib
0x0000000042331000 	/System/Library/Frameworks/ApplicationServices.framework/Versions/A/Frameworks/ATS.framework/Versions/A/ATS
0x0000000042331000 	/System/Library/Frameworks/ApplicationServices.framework/Versions/A/Frameworks/ColorSync.framework/Versions/A/ColorSync
0x0000000042331000 	/System/Library/Frameworks/ApplicationServices.framework/Versions/A/Frameworks/HIServices.framework/Versions/A/HIServices
0x0000000042331000 	/System/Library/Frameworks/ApplicationServices.framework/Versions/A/Frameworks/LangAnalysis.framework/Versions/A/LangAnalysis
0x0000000042331000 	/System/Library/Frameworks/ApplicationServices.framework/Versions/A/Frameworks/PrintCore.framework/Versions/A/PrintCore
0x0000000042331000 	/System/Library/Frameworks/ApplicationServices.framework/Versions/A/Frameworks/QD.framework/Versions/A/QD
0x0000000042331000 	/System/Library/Frameworks/ApplicationServices.framework/Versions/A/Frameworks/SpeechSynthesis.framework/Versions/A/SpeechSynthesis
0x0000000042331000 	/System/Library/Frameworks/Accelerate.framework/Versions/A/Frameworks/vImage.framework/Versions/A/vImage
0x0000000042331000 	/System/Library/Frameworks/Accelerate.framework/Versions/A/Frameworks/vecLib.framework/Versions/A/vecLib
0x0000000042331000 	/System/Library/Frameworks/Accelerate.framework/Versions/A/Frameworks/vecLib.framework/Versions/A/libvDSP.dylib
0x0000000042331000 	/System/Library/Frameworks/Accelerate.framework/Versions/A/Frameworks/vecLib.framework/Versions/A/libBNNS.dylib
0x0000000042331000 	/System/Library/Frameworks/Accelerate.framework/Versions/A/Frameworks/vecLib.framework/Versions/A/libQuadrature.dylib
0x0000000042331000 	/System/Library/Frameworks/Accelerate.framework/Versions/A/Frameworks/vecLib.framework/Versions/A/libvMisc.dylib
0x0000000042331000 	/System/Library/Frameworks/Accelerate.framework/Versions/A/Frameworks/vecLib.framework/Versions/A/libLAPACK.dylib
0x0000000042331000 	/System/Library/Frameworks/Accelerate.framework/Versions/A/Frameworks/vecLib.framework/Versions/A/libBLAS.dylib
0x0000000042331000 	/System/Library/Frameworks/Accelerate.framework/Versions/A/Frameworks/vecLib.framework/Versions/A/libLinearAlgebra.dylib
0x0000000042331000 	/System/Library/Frameworks/Accelerate.framework/Versions/A/Frameworks/vecLib.framework/Versions/A/libSparseBLAS.dylib
0x0000000042331000 	/System/Library/Frameworks/ApplicationServices.framework/Versions/A/Frameworks/ATS.framework/Versions/A/Resources/libFontParser.dylib
0x0000000042331000 	/System/Library/Frameworks/ApplicationServices.framework/Versions/A/Frameworks/ATS.framework/Versions/A/Resources/libFontRegistry.dylib
0x0000000042331000 	/System/Library/Frameworks/ImageIO.framework/Versions/A/Resources/libJPEG.dylib
0x0000000042331000 	/System/Library/Frameworks/ImageIO.framework/Versions/A/Resources/libTIFF.dylib
0x0000000042331000 	/System/Library/Frameworks/ImageIO.framework/Versions/A/Resources/libPng.dylib
0x0000000042331000 	/System/Library/Frameworks/ImageIO.framework/Versions/A/Resources/libGIF.dylib
0x0000000042331000 	/System/Library/Frameworks/ImageIO.framework/Versions/A/Resources/libJP2.dylib
0x0000000042331000 	/System/Library/Frameworks/ImageIO.framework/Versions/A/Resources/libRadiance.dylib
0x0000000042331000 	/usr/lib/libcompression.dylib
0x0000000042331000 	/System/Library/PrivateFrameworks/AppleJPEG.framework/Versions/A/AppleJPEG
0x0000000042331000 	/usr/lib/libcups.2.dylib
0x0000000042331000 	/System/Library/Frameworks/Kerberos.framework/Versions/A/Kerberos
0x0000000042331000 	/System/Library/Frameworks/GSS.framework/Versions/A/GSS
0x0000000042331000 	/usr/lib/libresolv.9.dylib
0x0000000042331000 	/usr/lib/libiconv.2.dylib
0x0000000042331000 	/System/Library/PrivateFrameworks/Heimdal.framework/Versions/A/Heimdal
0x0000000042331000 	/usr/lib/libheimdal-asn1.dylib
0x0000000042331000 	/System/Library/Frameworks/OpenDirectory.framework/Versions/A/OpenDirectory
0x0000000042331000 	/System/Library/PrivateFrameworks/CommonAuth.framework/Versions/A/CommonAuth
0x0000000042331000 	/System/Library/Frameworks/OpenDirectory.framework/Versions/A/Frameworks/CFOpenDirectory.framework/Versions/A/CFOpenDirectory
0x0000000042331000 	/System/Library/Frameworks/SecurityFoundation.framework/Versions/A/SecurityFoundation
0x0000000042331000 	/System/Library/PrivateFrameworks/LanguageModeling.framework/Versions/A/LanguageModeling
0x0000000042331000 	/usr/lib/libmarisa.dylib
0x0000000042331000 	/usr/lib/libChineseTokenizer.dylib
0x0000000042331000 	/usr/lib/libcmph.dylib
0x0000000042331000 	/System/Library/PrivateFrameworks/CoreEmoji.framework/Versions/A/CoreEmoji
0x0000000042331000 	/System/Library/Frameworks/ServiceManagement.framework/Versions/A/ServiceManagement
0x0000000042331000 	/usr/lib/libxslt.1.dylib
0x0000000042331000 	/System/Library/Frameworks/Carbon.framework/Versions/A/Frameworks/Ink.framework/Versions/A/Ink
0x0000000042331000 	/System/Library/PrivateFrameworks/TextureIO.framework/Versions/A/TextureIO
0x0000000042331000 	/System/Library/Frameworks/Metal.framework/Versions/A/Metal
0x0000000042331000 	/usr/lib/libate.dylib
0x0000000042331000 	/System/Library/PrivateFrameworks/GPUCompiler.framework/libmetal_timestamp.dylib
0x0000000042331000 	/System/Library/Frameworks/OpenGL.framework/Versions/A/Libraries/libCoreFSCache.dylib
0x0000000042331000 	/System/Library/PrivateFrameworks/IOAccelerator.framework/Versions/A/IOAccelerator
0x0000000042331000 	/System/Library/Frameworks/CoreVideo.framework/Versions/A/CoreVideo
0x0000000042331000 	/usr/lib/libFosl_dynamic.dylib
0x0000000042331000 	/System/Library/PrivateFrameworks/MetalPerformanceShaders.framework/Versions/A/MetalPerformanceShaders
0x0000000042331000 	/System/Library/PrivateFrameworks/FaceCore.framework/Versions/A/FaceCore
0x0000000042331000 	/System/Library/Frameworks/OpenCL.framework/Versions/A/OpenCL
0x0000000042331000 	/System/Library/Frameworks/OpenGL.framework/Versions/A/Libraries/libGLU.dylib
0x0000000042331000 	/System/Library/Frameworks/OpenGL.framework/Versions/A/Libraries/libGFXShared.dylib
0x0000000042331000 	/System/Library/Frameworks/OpenGL.framework/Versions/A/Libraries/libGL.dylib
0x0000000042331000 	/System/Library/Frameworks/OpenGL.framework/Versions/A/Libraries/libGLImage.dylib
0x0000000042331000 	/System/Library/Frameworks/OpenGL.framework/Versions/A/Libraries/libCVMSPluginSupport.dylib
0x0000000042331000 	/System/Library/Frameworks/OpenGL.framework/Versions/A/Libraries/libCoreVMClient.dylib
0x0000000042331000 	/System/Library/PrivateFrameworks/CrashReporterSupport.framework/Versions/A/CrashReporterSupport
0x0000000042331000 	/System/Library/PrivateFrameworks/Sharing.framework/Versions/A/Sharing
0x0000000042331000 	/System/Library/PrivateFrameworks/IconServices.framework/Versions/A/IconServices
0x0000000042331000 	/System/Library/PrivateFrameworks/ProtocolBuffer.framework/Versions/A/ProtocolBuffer
0x0000000042331000 	/System/Library/PrivateFrameworks/Apple80211.framework/Versions/A/Apple80211
0x0000000042331000 	/System/Library/Frameworks/CoreWLAN.framework/Versions/A/CoreWLAN
0x0000000042331000 	/System/Library/PrivateFrameworks/CoreUtils.framework/Versions/A/CoreUtils
0x0000000042331000 	/System/Library/Frameworks/IOBluetooth.framework/Versions/A/IOBluetooth
0x0000000042331000 	/System/Library/PrivateFrameworks/CoreWiFi.framework/Versions/A/CoreWiFi
0x0000000042331000 	/System/Library/Frameworks/CoreBluetooth.framework/Versions/A/CoreBluetooth
0x0000000042331000 	/System/Library/Frameworks/CoreDisplay.framework/Versions/A/CoreDisplay
0x0000000042331000 	/System/Library/PrivateFrameworks/IOPresentment.framework/Versions/A/IOPresentment
0x0000000042331000 	/System/Library/PrivateFrameworks/DSExternalDisplay.framework/Versions/A/DSExternalDisplay
0x0000000042331000 	/System/Library/PrivateFrameworks/DebugSymbols.framework/Versions/A/DebugSymbols
0x0000000042331000 	/System/Library/PrivateFrameworks/CoreSymbolication.framework/Versions/A/CoreSymbolication
0x0000000042331000 	/System/Library/PrivateFrameworks/Symbolication.framework/Versions/A/Symbolication
0x0000000042331000 	/System/Library/PrivateFrameworks/AppleFSCompression.framework/Versions/A/AppleFSCompression
0x0000000042331000 	/System/Library/PrivateFrameworks/SpeechRecognitionCore.framework/Versions/A/SpeechRecognitionCore
0x0000000042331000 	/System/Library/PrivateFrameworks/ChunkingLibrary.framework/Versions/A/ChunkingLibrary
0x000000010e200000 	/Library/Java/JavaVirtualMachines/jdk1.8.0_161.jdk/Contents/Home/jre/lib/server/libjvm.dylib
0x0000000042331000 	/usr/lib/libstdc++.6.dylib
0x000000010d1d1000 	/Library/Java/JavaVirtualMachines/jdk1.8.0_161.jdk/Contents/Home/jre/lib/libverify.dylib
0x000000010f1ae000 	/Library/Java/JavaVirtualMachines/jdk1.8.0_161.jdk/Contents/Home/jre/lib/libjava.dylib
0x000000010f1e4000 	/Library/Java/JavaVirtualMachines/jdk1.8.0_161.jdk/Contents/Home/jre/lib/libinstrument.dylib
0x000000010d1ea000 	/Library/Java/JavaVirtualMachines/jdk1.8.0_161.jdk/Contents/Home/jre/lib/libzip.dylib
0x0000000115122000 	/Library/Java/JavaVirtualMachines/jdk1.8.0_161.jdk/Contents/Home/jre/lib/libnet.dylib
0x00000001152d2000 	/Library/Java/JavaVirtualMachines/jdk1.8.0_161.jdk/Contents/Home/jre/lib/libnio.dylib
0x000000011549c000 	/Library/Java/JavaVirtualMachines/jdk1.8.0_161.jdk/Contents/Home/jre/lib/libsunec.dylib
0x0000000115b84000 	/Library/Java/JavaVirtualMachines/jdk1.8.0_161.jdk/Contents/Home/jre/lib/libawt.dylib
0x000000012cd11000 	/Library/Java/JavaVirtualMachines/jdk1.8.0_161.jdk/Contents/Home/jre/lib/./libmlib_image.dylib
0x0000000115c2e000 	/System/Library/Frameworks/JavaVM.framework/Versions/A/Frameworks/JavaNativeFoundation.framework/Versions/A/JavaNativeFoundation
0x0000000115c43000 	/System/Library/Frameworks/JavaVM.framework/Versions/A/Frameworks/JavaRuntimeSupport.framework/Versions/A/JavaRuntimeSupport
0x0000000115c5d000 	/System/Library/Frameworks/JavaVM.framework/Versions/A/JavaVM
0x0000000115c6a000 	/System/Library/PrivateFrameworks/JavaLaunching.framework/Versions/A/JavaLaunching
0x0000000042331000 	/System/Library/Frameworks/Carbon.framework/Versions/A/Carbon
0x0000000042331000 	/System/Library/Frameworks/Carbon.framework/Versions/A/Frameworks/CommonPanels.framework/Versions/A/CommonPanels
0x0000000042331000 	/System/Library/Frameworks/Carbon.framework/Versions/A/Frameworks/Help.framework/Versions/A/Help
0x0000000042331000 	/System/Library/Frameworks/Carbon.framework/Versions/A/Frameworks/ImageCapture.framework/Versions/A/ImageCapture
0x0000000042331000 	/System/Library/Frameworks/Carbon.framework/Versions/A/Frameworks/OpenScripting.framework/Versions/A/OpenScripting
0x0000000042331000 	/System/Library/Frameworks/Carbon.framework/Versions/A/Frameworks/Print.framework/Versions/A/Print
0x0000000042331000 	/System/Library/Frameworks/Carbon.framework/Versions/A/Frameworks/SecurityHI.framework/Versions/A/SecurityHI
0x000000012cddd000 	/Library/Java/JavaVirtualMachines/jdk1.8.0_161.jdk/Contents/Home/jre/lib/libawt_lwawt.dylib
0x000000012ce97000 	/Library/Java/JavaVirtualMachines/jdk1.8.0_161.jdk/Contents/Home/jre/lib/./libosxapp.dylib
0x0000000042331000 	/System/Library/Frameworks/ExceptionHandling.framework/Versions/A/ExceptionHandling
0x0000000042331000 	/System/Library/PrivateFrameworks/CoreServicesInternal.framework/Versions/A/CoreServicesInternal
0x0000000042331000 	/System/Library/CoreServices/RawCamera.bundle/Contents/MacOS/RawCamera
0x0000000042331000 	/System/Library/Frameworks/Accelerate.framework/Versions/A/Frameworks/vImage.framework/Versions/A/Libraries/libCGInterfaces.dylib
0x0000000042331000 	/System/Library/Frameworks/ApplicationServices.framework/Versions/A/Frameworks/ATS.framework/Versions/A/Resources/libTrueTypeScaler.dylib
0x000000012efbf000 	/System/Library/Frameworks/OpenGL.framework/Resources/GLEngine.bundle/GLEngine
0x0000000042331000 	/System/Library/Frameworks/OpenGL.framework/Versions/A/Libraries/libGLProgrammability.dylib
0x000000012f1a4000 	/System/Library/Extensions/AppleIntelHD5000GraphicsGLDriver.bundle/Contents/MacOS/AppleIntelHD5000GraphicsGLDriver
0x0000000042331000 	/System/Library/PrivateFrameworks/GPUSupport.framework/Versions/A/Libraries/libGPUSupportMercury.dylib
0x000000012e18e000 	/System/Library/Frameworks/OpenGL.framework/Resources//GLRendererFloat.bundle/GLRendererFloat
0x0000000042331000 	/System/Library/Frameworks/OpenCL.framework/Versions/A/Libraries/libcldcpuengine.dylib
0x0000000042331000 	/usr/lib/libcrypto.0.9.8.dylib
0x0000000042331000 	/System/Library/PrivateFrameworks/TrustEvaluationAgent.framework/Versions/A/TrustEvaluationAgent
0x000000012f912000 	/System/Library/Extensions/AppleIntelHD5000GraphicsMTLDriver.bundle/Contents/MacOS/AppleIntelHD5000GraphicsMTLDriver
0x0000000042331000 	/System/Library/PrivateFrameworks/FamilyControls.framework/Versions/A/FamilyControls
0x0000000042331000 	/System/Library/PrivateFrameworks/CommerceKit.framework/Versions/A/Frameworks/CommerceCore.framework/Versions/A/CommerceCore
0x0000000042331000 	/System/Library/PrivateFrameworks/SystemAdministration.framework/Versions/A/SystemAdministration
0x0000000042331000 	/System/Library/PrivateFrameworks/AppContainer.framework/Versions/A/AppContainer
0x0000000042331000 	/System/Library/PrivateFrameworks/SecCodeWrapper.framework/Versions/A/SecCodeWrapper
0x0000000042331000 	/System/Library/Frameworks/DirectoryService.framework/Versions/A/DirectoryService
0x0000000042331000 	/System/Library/PrivateFrameworks/DiskImages.framework/Versions/A/DiskImages
0x0000000042331000 	/System/Library/PrivateFrameworks/LoginUIKit.framework/Versions/A/Frameworks/LoginUICore.framework/Versions/A/LoginUICore
0x0000000042331000 	/usr/lib/libCoreStorage.dylib
0x0000000042331000 	/usr/lib/libcsfde.dylib
0x0000000042331000 	/usr/lib/libodfde.dylib
0x0000000042331000 	/System/Library/Frameworks/DiscRecording.framework/Versions/A/DiscRecording
0x0000000042331000 	/usr/lib/libcurl.4.dylib
0x0000000042331000 	/System/Library/PrivateFrameworks/MediaKit.framework/Versions/A/MediaKit
0x0000000042331000 	/System/Library/PrivateFrameworks/ProtectedCloudStorage.framework/Versions/A/ProtectedCloudStorage
0x0000000042331000 	/System/Library/PrivateFrameworks/EFILogin.framework/Versions/A/EFILogin
0x0000000042331000 	/usr/lib/libutil.dylib
0x0000000042331000 	/System/Library/Frameworks/LDAP.framework/Versions/A/LDAP
0x0000000042331000 	/usr/lib/libsasl2.2.dylib
0x0000000042331000 	/System/Library/PrivateFrameworks/CoreDaemon.framework/Versions/B/CoreDaemon
0x0000000042331000 	/System/Library/PrivateFrameworks/AppleSRP.framework/Versions/A/AppleSRP
0x0000000042331000 	/System/Library/PrivateFrameworks/APFS.framework/Versions/A/APFS
0x0000000042331000 	/System/Library/PrivateFrameworks/ViewBridge.framework/Versions/A/ViewBridge
0x0000000042331000 	/System/Library/PrivateFrameworks/XPCService.framework/Versions/A/XPCService
0x0000000042331000 	/System/Library/PrivateFrameworks/AppSandbox.framework/Versions/A/AppSandbox
0x0000000042331000 	/usr/lib/libsandbox.1.dylib
0x0000000042331000 	/usr/lib/libMatch.1.dylib
0x000000012d300000 	/Users/santoshsrinivas/Library/Caches/JNA/temp/jna8492921738873514017.tmp
0x00000001315b3000 	/usr/local/lib/libtesseract.dylib
0x000000013184e000 	/usr/local/opt/leptonica/lib/liblept.5.dylib
0x000000012d316000 	/usr/local/opt/libpng/lib/libpng16.16.dylib
0x000000012d342000 	/usr/local/opt/jpeg/lib/libjpeg.9.dylib
0x0000000115544000 	/usr/local/opt/giflib/lib/libgif.dylib
0x000000012d375000 	/usr/local/opt/libtiff/lib/libtiff.5.dylib
0x000000012d3e0000 	/usr/local/opt/webp/lib/libwebpmux.3.dylib
0x0000000130e9c000 	/usr/local/opt/webp/lib/libwebp.7.dylib
0x0000000130efd000 	/usr/local/opt/openjpeg/lib/libopenjp2.7.dylib

VM Arguments:
jvm_args: -javaagent:/Applications/IntelliJ IDEA CE.app/Contents/lib/idea_rt.jar=61944:/Applications/IntelliJ IDEA CE.app/Contents/bin -Dfile.encoding=UTF-8 
java_command: ocrdemo.ReadCaptcha
java_class_path (initial): /Library/Java/JavaVirtualMachines/jdk1.8.0_161.jdk/Contents/Home/jre/lib/charsets.jar:/Library/Java/JavaVirtualMachines/jdk1.8.0_161.jdk/Contents/Home/jre/lib/deploy.jar:/Library/Java/JavaVirtualMachines/jdk1.8.0_161.jdk/Contents/Home/jre/lib/ext/cldrdata.jar:/Library/Java/JavaVirtualMachines/jdk1.8.0_161.jdk/Contents/Home/jre/lib/ext/dnsns.jar:/Library/Java/JavaVirtualMachines/jdk1.8.0_161.jdk/Contents/Home/jre/lib/ext/jaccess.jar:/Library/Java/JavaVirtualMachines/jdk1.8.0_161.jdk/Contents/Home/jre/lib/ext/jfxrt.jar:/Library/Java/JavaVirtualMachines/jdk1.8.0_161.jdk/Contents/Home/jre/lib/ext/localedata.jar:/Library/Java/JavaVirtualMachines/jdk1.8.0_161.jdk/Contents/Home/jre/lib/ext/nashorn.jar:/Library/Java/JavaVirtualMachines/jdk1.8.0_161.jdk/Contents/Home/jre/lib/ext/sunec.jar:/Library/Java/JavaVirtualMachines/jdk1.8.0_161.jdk/Contents/Home/jre/lib/ext/sunjce_provider.jar:/Library/Java/JavaVirtualMachines/jdk1.8.0_161.jdk/Contents/Home/jre/lib/ext/sunpkcs11.jar:/Library/Java/JavaVirtualMachines/jdk1.8.0_161.jdk/Contents/Home/jre/lib/ext/zipfs.jar:/Library/Java/JavaVirtualMachines/jdk1.8.0_161.jdk/Contents/Home/jre/lib/javaws.jar:/Library/Java/JavaVirtualMachines/jdk1.8.0_161.jdk/Contents/Home/jre/lib/jce.jar:/Library/Java/JavaVirtualMachines/jdk1.8.0_161.jdk/Contents/Home/jre/lib/jfr.jar:/Library/Java/JavaVirtualMachines/jdk1.8.0_161.jdk/Contents/Home/jre/lib/jfxswt.jar:/Library/Java/JavaVirtualMachines/jdk1.8.0_161.jdk/Contents/Home/jre/lib/jsse.jar:/Library/Java/JavaVirtualMachines/jdk1.8.0_161.jdk/Contents/Home/jre/lib/management-agent.jar:/Library/Java/JavaVirtualMachines/jdk1.8.0_161.jdk/Contents/Home/jre/lib/plugin.jar:/Library/Java/JavaVirtualMachines/jdk1.8.0_161.jdk/Contents/Home/jre/lib/resources.jar:/Library/Java/JavaVirtualMachines/jdk1.8.0_161.jdk/Contents/Home/jre/lib/rt.jar:/Library/Java/JavaVirtualMachines/jdk1.8.0_161.jdk/Contents/Home/lib/ant-javafx.jar:/Library/Java/JavaVirtualMachines/jdk1.8.0_161.jdk/Contents/Home
Launcher Type: SUN_STANDARD

Environment Variables:
PATH=/Users/santoshsrinivas/bin:/Users/santoshsrinivas/bin:/Library/Frameworks/Python.framework/Versions/2.7/bin:/Users/santoshsrinivas/Library/Python/2.7/bin:/usr/local/bin:/usr/bin:/bin:/usr/sbin:/sbin
SHELL=/bin/zsh

Signal Handlers:
SIGSEGV: [libjvm.dylib+0x5b5439], sa_mask[0]=11111111011111110111111111111111, sa_flags=SA_ONSTACK|SA_RESTART|SA_SIGINFO
SIGBUS: [libjvm.dylib+0x5b5439], sa_mask[0]=11111111011111110111111111111111, sa_flags=SA_RESTART|SA_SIGINFO
SIGFPE: [libjvm.dylib+0x48ae24], sa_mask[0]=11111111011111110111111111111111, sa_flags=SA_RESTART|SA_SIGINFO
SIGPIPE: [libjvm.dylib+0x48ae24], sa_mask[0]=11111111011111110111111111111111, sa_flags=SA_RESTART|SA_SIGINFO
SIGXFSZ: [libjvm.dylib+0x48ae24], sa_mask[0]=11111111011111110111111111111111, sa_flags=SA_RESTART|SA_SIGINFO
SIGILL: [libjvm.dylib+0x48ae24], sa_mask[0]=11111111011111110111111111111111, sa_flags=SA_RESTART|SA_SIGINFO
SIGUSR1: SIG_DFL, sa_mask[0]=00000000000000000000000000000000, sa_flags=none
SIGUSR2: [libjvm.dylib+0x48a942], sa_mask[0]=00100000000000000000000000000000, sa_flags=SA_RESTART|SA_SIGINFO
SIGHUP: [libjvm.dylib+0x488f0d], sa_mask[0]=11111111011111110111111111111111, sa_flags=SA_RESTART|SA_SIGINFO
SIGINT: [libjvm.dylib+0x488f0d], sa_mask[0]=11111111011111110111111111111111, sa_flags=SA_RESTART|SA_SIGINFO
SIGTERM: [libjvm.dylib+0x488f0d], sa_mask[0]=11111111011111110111111111111111, sa_flags=SA_RESTART|SA_SIGINFO
SIGQUIT: [libjvm.dylib+0x488f0d], sa_mask[0]=11111111011111110111111111111111, sa_flags=SA_RESTART|SA_SIGINFO


---------------  S Y S T E M  ---------------

OS:Bsduname:Darwin 16.7.0 Darwin Kernel Version 16.7.0: Wed Apr 24 20:50:53 PDT 2019; root:xnu-3789.73.49~1/RELEASE_X86_64 x86_64
rlimit: STACK 8192k, CORE 0k, NPROC 709, NOFILE 10240, AS infinity
load average:2.83 2.78 2.78

CPU:total 8 (initial active 8) (4 cores per cpu, 2 threads per core) family 6 model 70 stepping 1, cmov, cx8, fxsr, mmx, sse, sse2, sse3, ssse3, sse4.1, sse4.2, popcnt, avx, avx2, aes, clmul, erms, lzcnt, ht, tsc, tscinvbit, bmi1, bmi2

Memory: 4k page, physical 16777216k(1763740k free)

/proc/meminfo:


vm_info: Java HotSpot(TM) 64-Bit Server VM (25.161-b12) for bsd-amd64 JRE (1.8.0_161-b12), built on Dec 19 2017 16:22:20 by "java_re" with gcc 4.2.1 (Based on Apple Inc. build 5658) (LLVM build 2336.11.00)

time: Tue May 12 17:09:52 2020
elapsed time: 36 seconds (0d 0h 0m 36s)

