#
# A fatal error has been detected by the Java Runtime Environment:
#
#  SIGSEGV (0xb) at pc=0x0000000132ed5914, pid=45415, tid=0x0000000000001c03
#
# JRE version: Java(TM) SE Runtime Environment (8.0_161-b12) (build 1.8.0_161-b12)
# Java VM: Java HotSpot(TM) 64-Bit Server VM (25.161-b12 mixed mode bsd-amd64 compressed oops)
# Problematic frame:
# C  [libtesseract.dylib+0x18914]  _ZN9tesseract9Tesseract15recog_all_wordsEP8PAGE_RESP10ETEXT_DESCPK4TBOXPKci+0xb8
#
# Failed to write core dump. Core dumps have been disabled. To enable core dumping, try "ulimit -c unlimited" before starting Java again
#
# If you would like to submit a bug report, please visit:
#   http://bugreport.java.com/bugreport/crash.jsp
# The crash happened outside the Java Virtual Machine in native code.
# See problematic frame for where to report the bug.
#

---------------  T H R E A D  ---------------

Current thread (0x00007fb086801800):  JavaThread "main" [_thread_in_native, id=7171, stack(0x000070000809c000,0x000070000819c000)]

siginfo: si_signo: 11 (SIGSEGV), si_code: 1 (SEGV_MAPERR), si_addr: 0x000000000000000c

Registers:
RAX=0x0000000000000000, RBX=0x00007fb08c213c50, RCX=0x0000000000000000, RDX=0x0000000000000001
RSP=0x000070000819a630, RBP=0x000070000819a7e0, RSI=0x0000000000000001, RDI=0x000070000819a680
R8 =0x0000000000000000, R9 =0x0000000000000000, R10=0x00000000e0000000, R11=0xffffffffffeb3000
R12=0x0000000000000000, R13=0x0000000115208000, R14=0x0000000000000000, R15=0x0000000000000000
RIP=0x0000000132ed5914, EFLAGS=0x0000000000010246, ERR=0x0000000000000004
  TRAPNO=0x000000000000000e

Top of Stack: (sp=0x000070000819a630)
0x000070000819a630:   00007fb08c213c50 0000000000000000
0x000070000819a640:   0000000000000000 0000000000000000
0x000070000819a650:   00007fb08c213ed0 00007fb08c2137d0
0x000070000819a660:   00007fb08c2137a0 0000000000000000
0x000070000819a670:   0000000000000000 0000000000000000
0x000070000819a680:   00007fb08c213c58 00007fb08c2137a0
0x000070000819a690:   00007fb08c2137a0 00007fb08c2137a0
0x000070000819a6a0:   00007fb08c2137a0 00007fb08c010000
0x000070000819a6b0:   00007fb08c2137c8 00007fb08c2137d0
0x000070000819a6c0:   00007fb08c2137d0 00007fb08c2137d0
0x000070000819a6d0:   00007fb08c2137d0 00007fb08c010000
0x000070000819a6e0:   00007fb08c2137f0 00007fb08c213860
0x000070000819a6f0:   00007fb08c213ed0 00007fb08c213860
0x000070000819a700:   00007fb08c213ed0 00000001cd010000
0x000070000819a710:   00007fb08c2137f0 00007fb08c213860
0x000070000819a720:   00007fb08c213ed0 00007fb08c213860
0x000070000819a730:   00007fb08c213ed0 0000000000000000
0x000070000819a740:   00007fb08c2137f0 00007fb08c213860
0x000070000819a750:   00007fb08c213ed0 00007fb08c213860
0x000070000819a760:   00007fb08c213ed0 00007fb08c000000
0x000070000819a770:   00007fb0865d2630 00007fb08c20fe20
0x000070000819a780:   000070000819a7b0 00000001330230b6
0x000070000819a790:   00007fb0867a6590 00007fb0867a6590
0x000070000819a7a0:   0000000000000000 0000000000000000
0x000070000819a7b0:   00007fb08c213c50 000070000819a801
0x000070000819a7c0:   00007fb0867a6590 0000000115208000
0x000070000819a7d0:   00000000ffffffff 0000000000000000
0x000070000819a7e0:   000070000819a850 0000000132ec1242
0x000070000819a7f0:   000000010ea5c000 fd00000070001002
0x000070000819a800:   000000010ea5ffff 0000000000000000
0x000070000819a810:   0000000000000000 000000012ebbe464
0x000070000819a820:   01007fffd5e5d000 00007fb0867a6590 

Instructions: (pc=0x0000000132ed5914)
0x0000000132ed58f4:   e8 17 6f 12 00 41 83 bd 08 14 00 00 00 7e 0a 4c
0x0000000132ed5904:   89 ef e8 87 eb 0b 00 eb 15 49 8b 85 b0 09 00 00
0x0000000132ed5914:   80 78 0c 00 74 08 4c 89 ef e8 e4 eb 0b 00 41 83
0x0000000132ed5924:   bd d8 44 02 00 00 7e 3e 31 db 49 8b 85 e0 44 02 

Register to memory mapping:

RAX=0x0000000000000000 is an unknown value
RBX=0x00007fb08c213c50 is an unknown value
RCX=0x0000000000000000 is an unknown value
RDX=0x0000000000000001 is an unknown value
RSP=0x000070000819a630 is pointing into the stack for thread: 0x00007fb086801800
RBP=0x000070000819a7e0 is pointing into the stack for thread: 0x00007fb086801800
RSI=0x0000000000000001 is an unknown value
RDI=0x000070000819a680 is pointing into the stack for thread: 0x00007fb086801800
R8 =0x0000000000000000 is an unknown value
R9 =0x0000000000000000 is an unknown value
R10=0x00000000e0000000 is an unknown value
R11=0xffffffffffeb3000 is an unknown value
R12=0x0000000000000000 is an unknown value
R13=0x0000000115208000 is an unknown value
R14=0x0000000000000000 is an unknown value
R15=0x0000000000000000 is an unknown value


Stack: [0x000070000809c000,0x000070000819c000],  sp=0x000070000819a630,  free space=1017k
Native frames: (J=compiled Java code, j=interpreted, Vv=VM code, C=native code)
C  [libtesseract.dylib+0x18914]  _ZN9tesseract9Tesseract15recog_all_wordsEP8PAGE_RESP10ETEXT_DESCPK4TBOXPKci+0xb8
C  [libtesseract.dylib+0x4242]  _ZN9tesseract11TessBaseAPI9RecognizeEP10ETEXT_DESC+0x374
C  [libtesseract.dylib+0x316d]  _ZN9tesseract11TessBaseAPI11GetUTF8TextEv+0x2b
C  [jna1974233005124973029.tmp+0xde74]  ffi_call_unix64+0x4c
C  0x000070000819b298

Java frames: (J=compiled Java code, j=interpreted, Vv=VM code)
j  com.sun.jna.Native.invokePointer(Lcom/sun/jna/Function;JI[Ljava/lang/Object;)J+0
j  com.sun.jna.Function.invokePointer(I[Ljava/lang/Object;)Lcom/sun/jna/Pointer;+7
j  com.sun.jna.Function.invoke([Ljava/lang/Object;Ljava/lang/Class;ZI)Ljava/lang/Object;+385
j  com.sun.jna.Function.invoke(Ljava/lang/reflect/Method;[Ljava/lang/Class;Ljava/lang/Class;[Ljava/lang/Object;Ljava/util/Map;)Ljava/lang/Object;+271
j  com.sun.jna.Library$Handler.invoke(Ljava/lang/Object;Ljava/lang/reflect/Method;[Ljava/lang/Object;)Ljava/lang/Object;+390
j  com.sun.proxy.$Proxy0.TessBaseAPIGetUTF8Text(Lnet/sourceforge/tess4j/ITessAPI$TessBaseAPI;)Lcom/sun/jna/Pointer;+16
j  net.sourceforge.tess4j.Tesseract.getOCRText(Ljava/lang/String;I)Ljava/lang/String;+269
j  net.sourceforge.tess4j.Tesseract.doOCR(Ljavax/imageio/IIOImage;Ljava/lang/String;Ljava/awt/Rectangle;I)Ljava/lang/String;+18
j  net.sourceforge.tess4j.Tesseract.doOCR(Ljava/io/File;Ljava/awt/Rectangle;)Ljava/lang/String;+126
j  net.sourceforge.tess4j.Tesseract.doOCR(Ljava/io/File;)Ljava/lang/String;+3
j  ocrdemo.ReadCaptcha.main([Ljava/lang/String;)V+147
v  ~StubRoutines::call_stub

---------------  P R O C E S S  ---------------

Java Threads: ( => current thread )
  0x00007fb089aa3800 JavaThread "Java2D Disposer" daemon [_thread_blocked, id=28931, stack(0x000070000a02a000,0x000070000a12a000)]
  0x00007fb0869e1800 JavaThread "AWT-Shutdown" [_thread_blocked, id=37663, stack(0x0000700009d1b000,0x0000700009e1b000)]
  0x00007fb0892d9800 JavaThread "AWT-AppKit" daemon [_thread_in_native, id=775, stack(0x00007fff509c0000,0x00007fff511c0000)]
  0x00007fb088899000 JavaThread "Attach Listener" daemon [_thread_blocked, id=26883, stack(0x0000700009c18000,0x0000700009d18000)]
  0x00007fb0869ba800 JavaThread "Okio Watchdog" daemon [_thread_blocked, id=26371, stack(0x0000700009b15000,0x0000700009c15000)]
  0x00007fb0898d4000 JavaThread "OkHttp ConnectionPool" daemon [_thread_blocked, id=25859, stack(0x0000700009a12000,0x0000700009b12000)]
  0x00007fb08889d800 JavaThread "Exec Stream Pumper" daemon [_thread_in_native, id=24835, stack(0x000070000980c000,0x000070000990c000)]
  0x00007fb087c76000 JavaThread "Exec Stream Pumper" daemon [_thread_in_native, id=24323, stack(0x0000700009709000,0x0000700009809000)]
  0x00007fb08989b800 JavaThread "process reaper" daemon [_thread_in_native, id=23811, stack(0x00007000096de000,0x0000700009706000)]
  0x00007fb08889d000 JavaThread "UrlChecker-2" daemon [_thread_blocked, id=23299, stack(0x00007000095db000,0x00007000096db000)]
  0x00007fb0892e3000 JavaThread "Exec Default Executor" daemon [_thread_blocked, id=22787, stack(0x00007000094d8000,0x00007000095d8000)]
  0x00007fb087067800 JavaThread "Service Thread" daemon [_thread_blocked, id=21763, stack(0x00007000092d2000,0x00007000093d2000)]
  0x00007fb089179000 JavaThread "C1 CompilerThread3" daemon [_thread_blocked, id=21251, stack(0x00007000091cf000,0x00007000092cf000)]
  0x00007fb089177800 JavaThread "C2 CompilerThread2" daemon [_thread_blocked, id=20739, stack(0x00007000090cc000,0x00007000091cc000)]
  0x00007fb089177000 JavaThread "C2 CompilerThread1" daemon [_thread_blocked, id=20227, stack(0x0000700008fc9000,0x00007000090c9000)]
  0x00007fb089176000 JavaThread "C2 CompilerThread0" daemon [_thread_blocked, id=19715, stack(0x0000700008ec6000,0x0000700008fc6000)]
  0x00007fb089174800 JavaThread "Monitor Ctrl-Break" daemon [_thread_in_native, id=19203, stack(0x0000700008dc3000,0x0000700008ec3000)]
  0x00007fb086825000 JavaThread "Signal Dispatcher" daemon [_thread_blocked, id=18691, stack(0x0000700008cc0000,0x0000700008dc0000)]
  0x00007fb086818800 JavaThread "Finalizer" daemon [_thread_blocked, id=14595, stack(0x0000700008bbd000,0x0000700008cbd000)]
  0x00007fb086815800 JavaThread "Reference Handler" daemon [_thread_blocked, id=14083, stack(0x0000700008aba000,0x0000700008bba000)]
=>0x00007fb086801800 JavaThread "main" [_thread_in_native, id=7171, stack(0x000070000809c000,0x000070000819c000)]

Other Threads:
  0x00007fb086803800 VMThread [stack: 0x00007000089b7000,0x0000700008ab7000] [id=13571]
  0x00007fb087070800 WatcherThread [stack: 0x00007000093d5000,0x00007000094d5000] [id=22275]

VM state:not at safepoint (normal execution)

VM Mutex/Monitor currently owned by a thread: None

Heap:
 PSYoungGen      total 76288K, used 30596K [0x000000076ab00000, 0x0000000770000000, 0x00000007c0000000)
  eden space 65536K, 34% used [0x000000076ab00000,0x000000076c12a908,0x000000076eb00000)
  from space 10752K, 73% used [0x000000076eb00000,0x000000076f2b6910,0x000000076f580000)
  to   space 10752K, 0% used [0x000000076f580000,0x000000076f580000,0x0000000770000000)
 ParOldGen       total 175104K, used 24K [0x00000006c0000000, 0x00000006cab00000, 0x000000076ab00000)
  object space 175104K, 0% used [0x00000006c0000000,0x00000006c0006000,0x00000006cab00000)
 Metaspace       used 16661K, capacity 17442K, committed 17664K, reserved 1064960K
  class space    used 2037K, capacity 2243K, committed 2304K, reserved 1048576K

Card table byte_map: [0x0000000110f6e000,0x000000011176f000] byte_map_base: 0x000000010d96e000

Marking Bits: (ParMarkBitMap*) 0x00000001104f76c0
 Begin Bits: [0x00000001246d3000, 0x00000001286d3000)
 End Bits:   [0x00000001286d3000, 0x000000012c6d3000)

Polling page: 0x000000010eb01000

CodeCache: size=245760Kb used=5305Kb max_used=5305Kb free=240454Kb
 bounds [0x00000001156d3000, 0x0000000115c13000, 0x00000001246d3000]
 total_blobs=1965 nmethods=1520 adapters=358
 compilation: enabled

Compilation events (10 events):
Event: 49.586 Thread 0x00007fb089179000 1516       3       java.lang.Math::abs (11 bytes)
Event: 49.587 Thread 0x00007fb089179000 nmethod 1516 0x0000000115bf4d10 code [0x0000000115bf4e80, 0x0000000115bf5010]
Event: 49.587 Thread 0x00007fb089179000 1517       3       com.sun.imageio.plugins.png.PNGImageReader::paethPredictor (57 bytes)
Event: 49.587 Thread 0x00007fb089179000 nmethod 1517 0x0000000115bfc850 code [0x0000000115bfc9e0, 0x0000000115bfcdf0]
Event: 49.587 Thread 0x00007fb089177000 1518       4       com.sun.imageio.plugins.png.PNGImageReader::paethPredictor (57 bytes)
Event: 49.588 Thread 0x00007fb089177000 nmethod 1518 0x0000000115bf4ad0 code [0x0000000115bf4c00, 0x0000000115bf4c98]
Event: 49.589 Thread 0x00007fb089179000 1519       3       sun.awt.image.ByteInterleavedRaster::putByteData (834 bytes)
Event: 49.590 Thread 0x00007fb089179000 nmethod 1519 0x0000000115bf9710 code [0x0000000115bf9a00, 0x0000000115bfb168]
Event: 49.590 Thread 0x00007fb089179000 1520       3       sun.awt.image.ByteInterleavedRaster::getByteData (851 bytes)
Event: 49.592 Thread 0x00007fb089179000 nmethod 1520 0x0000000115c02150 code [0x0000000115c02440, 0x0000000115c03c88]

GC Heap History (2 events):
Event: 2.906 GC heap before
{Heap before GC invocations=1 (full 0):
 PSYoungGen      total 76288K, used 65536K [0x000000076ab00000, 0x0000000770000000, 0x00000007c0000000)
  eden space 65536K, 100% used [0x000000076ab00000,0x000000076eb00000,0x000000076eb00000)
  from space 10752K, 0% used [0x000000076f580000,0x000000076f580000,0x0000000770000000)
  to   space 10752K, 0% used [0x000000076eb00000,0x000000076eb00000,0x000000076f580000)
 ParOldGen       total 175104K, used 0K [0x00000006c0000000, 0x00000006cab00000, 0x000000076ab00000)
  object space 175104K, 0% used [0x00000006c0000000,0x00000006c0000000,0x00000006cab00000)
 Metaspace       used 13578K, capacity 14360K, committed 14464K, reserved 1062912K
  class space    used 1694K, capacity 1920K, committed 1920K, reserved 1048576K
Event: 2.917 GC heap after
Heap after GC invocations=1 (full 0):
 PSYoungGen      total 76288K, used 7898K [0x000000076ab00000, 0x0000000770000000, 0x00000007c0000000)
  eden space 65536K, 0% used [0x000000076ab00000,0x000000076ab00000,0x000000076eb00000)
  from space 10752K, 73% used [0x000000076eb00000,0x000000076f2b6910,0x000000076f580000)
  to   space 10752K, 0% used [0x000000076f580000,0x000000076f580000,0x0000000770000000)
 ParOldGen       total 175104K, used 24K [0x00000006c0000000, 0x00000006cab00000, 0x000000076ab00000)
  object space 175104K, 0% used [0x00000006c0000000,0x00000006c0006000,0x00000006cab00000)
 Metaspace       used 13578K, capacity 14360K, committed 14464K, reserved 1062912K
  class space    used 1694K, capacity 1920K, committed 1920K, reserved 1048576K
}

Deoptimization events (10 events):
Event: 2.886 Thread 0x00007fb086801800 Uncommon trap: reason=class_check action=maybe_recompile pc=0x0000000115b44ef0 method=org.openqa.selenium.json.Input.init()V @ 18
Event: 2.886 Thread 0x00007fb086801800 Uncommon trap: reason=class_check action=maybe_recompile pc=0x0000000115b44ef0 method=org.openqa.selenium.json.Input.init()V @ 18
Event: 2.929 Thread 0x00007fb086801800 Uncommon trap: reason=unstable_if action=reinterpret pc=0x0000000115ab7a7c method=java.lang.ref.SoftReference.get()Ljava/lang/Object; @ 17
Event: 32.318 Thread 0x00007fb086801800 Uncommon trap: reason=unstable_if action=reinterpret pc=0x0000000115a98f84 method=java.lang.String.lastIndexOf([CII[CIII)I @ 17
Event: 32.349 Thread 0x00007fb086801800 Uncommon trap: reason=unstable_if action=reinterpret pc=0x0000000115baec60 method=java.util.regex.Pattern$Slice.match(Ljava/util/regex/Matcher;ILjava/lang/CharSequence;)Z @ 54
Event: 49.514 Thread 0x00007fb086801800 Uncommon trap: reason=unstable_if action=reinterpret pc=0x0000000115bd4c04 method=java.lang.String.lastIndexOf([CII[CIII)I @ 118
Event: 49.536 Thread 0x00007fb086801800 Uncommon trap: reason=unstable_if action=reinterpret pc=0x0000000115b414f0 method=java.util.HashMap.getNode(ILjava/lang/Object;)Ljava/util/HashMap$Node; @ 62
Event: 49.536 Thread 0x00007fb086801800 Uncommon trap: reason=unstable_if action=reinterpret pc=0x0000000115a55630 method=java.util.HashMap.putVal(ILjava/lang/Object;Ljava/lang/Object;ZZ)Ljava/lang/Object; @ 94
Event: 49.536 Thread 0x00007fb086801800 Uncommon trap: reason=unstable_if action=reinterpret pc=0x0000000115abf494 method=java.util.HashMap.getNode(ILjava/lang/Object;)Ljava/util/HashMap$Node; @ 62
Event: 49.536 Thread 0x00007fb086801800 Uncommon trap: reason=unstable_if action=reinterpret pc=0x00000001159cc7d8 method=java.util.HashMap.putVal(ILjava/lang/Object;Ljava/lang/Object;ZZ)Ljava/lang/Object; @ 94

Classes redefined (0 events):
No events

Internal exceptions (10 events):
Event: 0.899 Thread 0x00007fb086801800 Exception <a 'java/lang/NoSuchMethodError': java.lang.Object.lambda$chars$0()Ljava/util/Spliterator$OfInt;> (0x000000076d7f6370) thrown at [/Users/java_re/workspace/8-2-build-macosx-x86_64/jdk8u161/10277/hotspot/src/share/vm/interpreter/linkResolver.cpp, 
Event: 2.892 Thread 0x00007fb086801800 Exception <a 'java/lang/NoSuchMethodError': java.lang.Object.lambda$getResponseFunction$0(Lorg/openqa/selenium/remote/InitialHandshakeResponse;)Lorg/openqa/selenium/remote/ProtocolHandshake$Result;> (0x000000076ea874a8) thrown at [/Users/java_re/workspace
Event: 2.937 Thread 0x00007fb086801800 Exception <a 'java/net/SocketTimeoutException': Read timed out> (0x000000076ad30848) thrown at [/Users/java_re/workspace/8-2-build-macosx-x86_64/jdk8u161/10277/hotspot/src/share/vm/prims/jni.cpp, line 735]
Event: 26.404 Thread 0x00007fb086801800 Exception <a 'java/net/SocketTimeoutException': Read timed out> (0x000000076ad7c2c0) thrown at [/Users/java_re/workspace/8-2-build-macosx-x86_64/jdk8u161/10277/hotspot/src/share/vm/prims/jni.cpp, line 735]
Event: 26.410 Thread 0x00007fb086801800 Exception <a 'java/net/SocketTimeoutException': Read timed out> (0x000000076add9938) thrown at [/Users/java_re/workspace/8-2-build-macosx-x86_64/jdk8u161/10277/hotspot/src/share/vm/prims/jni.cpp, line 735]
Event: 26.429 Thread 0x00007fb086801800 Exception <a 'java/net/SocketTimeoutException': Read timed out> (0x000000076ae01998) thrown at [/Users/java_re/workspace/8-2-build-macosx-x86_64/jdk8u161/10277/hotspot/src/share/vm/prims/jni.cpp, line 735]
Event: 31.895 Thread 0x00007fb086801800 Exception <a 'java/net/SocketTimeoutException': Read timed out> (0x000000076af5b868) thrown at [/Users/java_re/workspace/8-2-build-macosx-x86_64/jdk8u161/10277/hotspot/src/share/vm/prims/jni.cpp, line 735]
Event: 32.317 Thread 0x00007fb086801800 Exception <a 'java/io/FileNotFoundException'> (0x000000076b3c4f90) thrown at [/Users/java_re/workspace/8-2-build-macosx-x86_64/jdk8u161/10277/hotspot/src/share/vm/prims/jni.cpp, line 709]
Event: 49.367 Thread 0x00007fb086801800 Exception <a 'java/io/FileNotFoundException'> (0x000000076b695ed8) thrown at [/Users/java_re/workspace/8-2-build-macosx-x86_64/jdk8u161/10277/hotspot/src/share/vm/prims/jni.cpp, line 709]
Event: 49.367 Thread 0x00007fb086801800 Exception <a 'java/io/FileNotFoundException'> (0x000000076b696a58) thrown at [/Users/java_re/workspace/8-2-build-macosx-x86_64/jdk8u161/10277/hotspot/src/share/vm/prims/jni.cpp, line 709]

Events (10 events):
Event: 49.585 loading class sun/awt/image/ShortComponentRaster
Event: 49.585 loading class sun/awt/image/ShortComponentRaster done
Event: 49.586 loading class com/sun/imageio/plugins/common/ReaderUtil
Event: 49.586 loading class com/sun/imageio/plugins/common/ReaderUtil done
Event: 49.588 loading class javax/imageio/IIOImage
Event: 49.588 loading class javax/imageio/IIOImage done
Event: 49.590 loading class java/lang/StrictMath
Event: 49.590 loading class java/lang/StrictMath done
Event: 49.590 loading class com/sun/jna/Native$Buffers
Event: 49.590 loading class com/sun/jna/Native$Buffers done


Dynamic libraries:
0x0000000042331000 	/System/Library/Frameworks/Cocoa.framework/Versions/A/Cocoa
0x0000000042331000 	/System/Library/Frameworks/Security.framework/Versions/A/Security
0x0000000042331000 	/System/Library/Frameworks/ApplicationServices.framework/Versions/A/ApplicationServices
0x0000000042331000 	/usr/lib/libz.1.dylib
0x0000000042331000 	/usr/lib/libSystem.B.dylib
0x0000000042331000 	/usr/lib/libobjc.A.dylib
0x0000000042331000 	/System/Library/Frameworks/CoreFoundation.framework/Versions/A/CoreFoundation
0x0000000042331000 	/System/Library/Frameworks/Foundation.framework/Versions/C/Foundation
0x0000000042331000 	/System/Library/Frameworks/AppKit.framework/Versions/C/AppKit
0x0000000042331000 	/System/Library/Frameworks/CoreData.framework/Versions/A/CoreData
0x0000000042331000 	/System/Library/PrivateFrameworks/RemoteViewServices.framework/Versions/A/RemoteViewServices
0x0000000042331000 	/System/Library/PrivateFrameworks/UIFoundation.framework/Versions/A/UIFoundation
0x0000000042331000 	/System/Library/PrivateFrameworks/DFRFoundation.framework/Versions/A/DFRFoundation
0x0000000042331000 	/usr/lib/libenergytrace.dylib
0x0000000042331000 	/System/Library/PrivateFrameworks/SkyLight.framework/Versions/A/SkyLight
0x0000000042331000 	/System/Library/Frameworks/CoreGraphics.framework/Versions/A/CoreGraphics
0x0000000042331000 	/usr/lib/libScreenReader.dylib
0x0000000042331000 	/System/Library/Frameworks/Accelerate.framework/Versions/A/Accelerate
0x0000000042331000 	/System/Library/Frameworks/IOSurface.framework/Versions/A/IOSurface
0x0000000042331000 	/System/Library/Frameworks/AudioToolbox.framework/Versions/A/AudioToolbox
0x0000000042331000 	/System/Library/Frameworks/AudioUnit.framework/Versions/A/AudioUnit
0x0000000042331000 	/System/Library/PrivateFrameworks/DataDetectorsCore.framework/Versions/A/DataDetectorsCore
0x0000000042331000 	/System/Library/PrivateFrameworks/DesktopServicesPriv.framework/Versions/A/DesktopServicesPriv
0x0000000042331000 	/System/Library/Frameworks/Carbon.framework/Versions/A/Frameworks/HIToolbox.framework/Versions/A/HIToolbox
0x0000000042331000 	/usr/lib/libicucore.A.dylib
0x0000000042331000 	/System/Library/Frameworks/QuartzCore.framework/Versions/A/QuartzCore
0x0000000042331000 	/System/Library/Frameworks/Carbon.framework/Versions/A/Frameworks/SpeechRecognition.framework/Versions/A/SpeechRecognition
0x0000000042331000 	/usr/lib/libauto.dylib
0x0000000042331000 	/usr/lib/libxml2.2.dylib
0x0000000042331000 	/System/Library/PrivateFrameworks/CoreUI.framework/Versions/A/CoreUI
0x0000000042331000 	/System/Library/Frameworks/CoreAudio.framework/Versions/A/CoreAudio
0x0000000042331000 	/System/Library/Frameworks/DiskArbitration.framework/Versions/A/DiskArbitration
0x0000000042331000 	/usr/lib/liblangid.dylib
0x0000000042331000 	/System/Library/PrivateFrameworks/MultitouchSupport.framework/Versions/A/MultitouchSupport
0x0000000042331000 	/System/Library/Frameworks/IOKit.framework/Versions/A/IOKit
0x0000000042331000 	/usr/lib/libDiagnosticMessagesClient.dylib
0x0000000042331000 	/System/Library/Frameworks/CoreServices.framework/Versions/A/CoreServices
0x0000000042331000 	/System/Library/PrivateFrameworks/PerformanceAnalysis.framework/Versions/A/PerformanceAnalysis
0x0000000042331000 	/System/Library/PrivateFrameworks/GenerationalStorage.framework/Versions/A/GenerationalStorage
0x0000000042331000 	/System/Library/Frameworks/OpenGL.framework/Versions/A/OpenGL
0x0000000042331000 	/System/Library/Frameworks/CoreImage.framework/Versions/A/CoreImage
0x0000000042331000 	/System/Library/Frameworks/CoreText.framework/Versions/A/CoreText
0x0000000042331000 	/System/Library/Frameworks/ImageIO.framework/Versions/A/ImageIO
0x0000000042331000 	/System/Library/PrivateFrameworks/Backup.framework/Versions/A/Backup
0x0000000042331000 	/usr/lib/libarchive.2.dylib
0x0000000042331000 	/System/Library/Frameworks/CFNetwork.framework/Versions/A/CFNetwork
0x0000000042331000 	/System/Library/Frameworks/SystemConfiguration.framework/Versions/A/SystemConfiguration
0x0000000042331000 	/usr/lib/libCRFSuite.dylib
0x0000000042331000 	/usr/lib/libc++.1.dylib
0x0000000042331000 	/usr/lib/libc++abi.dylib
0x0000000042331000 	/usr/lib/system/libcache.dylib
0x0000000042331000 	/usr/lib/system/libcommonCrypto.dylib
0x0000000042331000 	/usr/lib/system/libcompiler_rt.dylib
0x0000000042331000 	/usr/lib/system/libcopyfile.dylib
0x0000000042331000 	/usr/lib/system/libcorecrypto.dylib
0x0000000042331000 	/usr/lib/system/libdispatch.dylib
0x0000000042331000 	/usr/lib/system/libdyld.dylib
0x0000000042331000 	/usr/lib/system/libkeymgr.dylib
0x0000000042331000 	/usr/lib/system/liblaunch.dylib
0x0000000042331000 	/usr/lib/system/libmacho.dylib
0x0000000042331000 	/usr/lib/system/libquarantine.dylib
0x0000000042331000 	/usr/lib/system/libremovefile.dylib
0x0000000042331000 	/usr/lib/system/libsystem_asl.dylib
0x0000000042331000 	/usr/lib/system/libsystem_blocks.dylib
0x0000000042331000 	/usr/lib/system/libsystem_c.dylib
0x0000000042331000 	/usr/lib/system/libsystem_configuration.dylib
0x0000000042331000 	/usr/lib/system/libsystem_coreservices.dylib
0x0000000042331000 	/usr/lib/system/libsystem_coretls.dylib
0x0000000042331000 	/usr/lib/system/libsystem_dnssd.dylib
0x0000000042331000 	/usr/lib/system/libsystem_info.dylib
0x0000000042331000 	/usr/lib/system/libsystem_kernel.dylib
0x0000000042331000 	/usr/lib/system/libsystem_m.dylib
0x0000000042331000 	/usr/lib/system/libsystem_malloc.dylib
0x0000000042331000 	/usr/lib/system/libsystem_network.dylib
0x0000000042331000 	/usr/lib/system/libsystem_networkextension.dylib
0x0000000042331000 	/usr/lib/system/libsystem_notify.dylib
0x0000000042331000 	/usr/lib/system/libsystem_platform.dylib
0x0000000042331000 	/usr/lib/system/libsystem_pthread.dylib
0x0000000042331000 	/usr/lib/system/libsystem_sandbox.dylib
0x0000000042331000 	/usr/lib/system/libsystem_secinit.dylib
0x0000000042331000 	/usr/lib/system/libsystem_symptoms.dylib
0x0000000042331000 	/usr/lib/system/libsystem_trace.dylib
0x0000000042331000 	/usr/lib/system/libunwind.dylib
0x0000000042331000 	/usr/lib/system/libxpc.dylib
0x0000000042331000 	/usr/lib/libbsm.0.dylib
0x0000000042331000 	/usr/lib/system/libkxld.dylib
0x0000000042331000 	/usr/lib/libcoretls.dylib
0x0000000042331000 	/usr/lib/libcoretls_cfhelpers.dylib
0x0000000042331000 	/usr/lib/libOpenScriptingUtil.dylib
0x0000000042331000 	/usr/lib/libpam.2.dylib
0x0000000042331000 	/usr/lib/libsqlite3.dylib
0x0000000042331000 	/usr/lib/libxar.1.dylib
0x0000000042331000 	/usr/lib/libbz2.1.0.dylib
0x0000000042331000 	/usr/lib/liblzma.5.dylib
0x0000000042331000 	/usr/lib/libnetwork.dylib
0x0000000042331000 	/usr/lib/libpcap.A.dylib
0x0000000042331000 	/System/Library/Frameworks/CoreServices.framework/Versions/A/Frameworks/FSEvents.framework/Versions/A/FSEvents
0x0000000042331000 	/System/Library/Frameworks/CoreServices.framework/Versions/A/Frameworks/CarbonCore.framework/Versions/A/CarbonCore
0x0000000042331000 	/System/Library/Frameworks/CoreServices.framework/Versions/A/Frameworks/Metadata.framework/Versions/A/Metadata
0x0000000042331000 	/System/Library/Frameworks/CoreServices.framework/Versions/A/Frameworks/OSServices.framework/Versions/A/OSServices
0x0000000042331000 	/System/Library/Frameworks/CoreServices.framework/Versions/A/Frameworks/SearchKit.framework/Versions/A/SearchKit
0x0000000042331000 	/System/Library/Frameworks/CoreServices.framework/Versions/A/Frameworks/AE.framework/Versions/A/AE
0x0000000042331000 	/System/Library/Frameworks/CoreServices.framework/Versions/A/Frameworks/LaunchServices.framework/Versions/A/LaunchServices
0x0000000042331000 	/System/Library/Frameworks/CoreServices.framework/Versions/A/Frameworks/DictionaryServices.framework/Versions/A/DictionaryServices
0x0000000042331000 	/System/Library/Frameworks/CoreServices.framework/Versions/A/Frameworks/SharedFileList.framework/Versions/A/SharedFileList
0x0000000042331000 	/System/Library/Frameworks/NetFS.framework/Versions/A/NetFS
0x0000000042331000 	/System/Library/PrivateFrameworks/NetAuth.framework/Versions/A/NetAuth
0x0000000042331000 	/System/Library/PrivateFrameworks/login.framework/Versions/A/Frameworks/loginsupport.framework/Versions/A/loginsupport
0x0000000042331000 	/System/Library/PrivateFrameworks/TCC.framework/Versions/A/TCC
0x0000000042331000 	/usr/lib/libmecabra.dylib
0x0000000042331000 	/System/Library/Frameworks/ApplicationServices.framework/Versions/A/Frameworks/ATS.framework/Versions/A/ATS
0x0000000042331000 	/System/Library/Frameworks/ApplicationServices.framework/Versions/A/Frameworks/ColorSync.framework/Versions/A/ColorSync
0x0000000042331000 	/System/Library/Frameworks/ApplicationServices.framework/Versions/A/Frameworks/HIServices.framework/Versions/A/HIServices
0x0000000042331000 	/System/Library/Frameworks/ApplicationServices.framework/Versions/A/Frameworks/LangAnalysis.framework/Versions/A/LangAnalysis
0x0000000042331000 	/System/Library/Frameworks/ApplicationServices.framework/Versions/A/Frameworks/PrintCore.framework/Versions/A/PrintCore
0x0000000042331000 	/System/Library/Frameworks/ApplicationServices.framework/Versions/A/Frameworks/QD.framework/Versions/A/QD
0x0000000042331000 	/System/Library/Frameworks/ApplicationServices.framework/Versions/A/Frameworks/SpeechSynthesis.framework/Versions/A/SpeechSynthesis
0x0000000042331000 	/System/Library/Frameworks/Accelerate.framework/Versions/A/Frameworks/vImage.framework/Versions/A/vImage
0x0000000042331000 	/System/Library/Frameworks/Accelerate.framework/Versions/A/Frameworks/vecLib.framework/Versions/A/vecLib
0x0000000042331000 	/System/Library/Frameworks/Accelerate.framework/Versions/A/Frameworks/vecLib.framework/Versions/A/libvDSP.dylib
0x0000000042331000 	/System/Library/Frameworks/Accelerate.framework/Versions/A/Frameworks/vecLib.framework/Versions/A/libBNNS.dylib
0x0000000042331000 	/System/Library/Frameworks/Accelerate.framework/Versions/A/Frameworks/vecLib.framework/Versions/A/libQuadrature.dylib
0x0000000042331000 	/System/Library/Frameworks/Accelerate.framework/Versions/A/Frameworks/vecLib.framework/Versions/A/libvMisc.dylib
0x0000000042331000 	/System/Library/Frameworks/Accelerate.framework/Versions/A/Frameworks/vecLib.framework/Versions/A/libLAPACK.dylib
0x0000000042331000 	/System/Library/Frameworks/Accelerate.framework/Versions/A/Frameworks/vecLib.framework/Versions/A/libBLAS.dylib
0x0000000042331000 	/System/Library/Frameworks/Accelerate.framework/Versions/A/Frameworks/vecLib.framework/Versions/A/libLinearAlgebra.dylib
0x0000000042331000 	/System/Library/Frameworks/Accelerate.framework/Versions/A/Frameworks/vecLib.framework/Versions/A/libSparseBLAS.dylib
0x0000000042331000 	/System/Library/Frameworks/ApplicationServices.framework/Versions/A/Frameworks/ATS.framework/Versions/A/Resources/libFontParser.dylib
0x0000000042331000 	/System/Library/Frameworks/ApplicationServices.framework/Versions/A/Frameworks/ATS.framework/Versions/A/Resources/libFontRegistry.dylib
0x0000000042331000 	/System/Library/Frameworks/ImageIO.framework/Versions/A/Resources/libJPEG.dylib
0x0000000042331000 	/System/Library/Frameworks/ImageIO.framework/Versions/A/Resources/libTIFF.dylib
0x0000000042331000 	/System/Library/Frameworks/ImageIO.framework/Versions/A/Resources/libPng.dylib
0x0000000042331000 	/System/Library/Frameworks/ImageIO.framework/Versions/A/Resources/libGIF.dylib
0x0000000042331000 	/System/Library/Frameworks/ImageIO.framework/Versions/A/Resources/libJP2.dylib
0x0000000042331000 	/System/Library/Frameworks/ImageIO.framework/Versions/A/Resources/libRadiance.dylib
0x0000000042331000 	/usr/lib/libcompression.dylib
0x0000000042331000 	/System/Library/PrivateFrameworks/AppleJPEG.framework/Versions/A/AppleJPEG
0x0000000042331000 	/usr/lib/libcups.2.dylib
0x0000000042331000 	/System/Library/Frameworks/Kerberos.framework/Versions/A/Kerberos
0x0000000042331000 	/System/Library/Frameworks/GSS.framework/Versions/A/GSS
0x0000000042331000 	/usr/lib/libresolv.9.dylib
0x0000000042331000 	/usr/lib/libiconv.2.dylib
0x0000000042331000 	/System/Library/PrivateFrameworks/Heimdal.framework/Versions/A/Heimdal
0x0000000042331000 	/usr/lib/libheimdal-asn1.dylib
0x0000000042331000 	/System/Library/Frameworks/OpenDirectory.framework/Versions/A/OpenDirectory
0x0000000042331000 	/System/Library/PrivateFrameworks/CommonAuth.framework/Versions/A/CommonAuth
0x0000000042331000 	/System/Library/Frameworks/OpenDirectory.framework/Versions/A/Frameworks/CFOpenDirectory.framework/Versions/A/CFOpenDirectory
0x0000000042331000 	/System/Library/Frameworks/SecurityFoundation.framework/Versions/A/SecurityFoundation
0x0000000042331000 	/System/Library/PrivateFrameworks/LanguageModeling.framework/Versions/A/LanguageModeling
0x0000000042331000 	/usr/lib/libmarisa.dylib
0x0000000042331000 	/usr/lib/libChineseTokenizer.dylib
0x0000000042331000 	/usr/lib/libcmph.dylib
0x0000000042331000 	/System/Library/PrivateFrameworks/CoreEmoji.framework/Versions/A/CoreEmoji
0x0000000042331000 	/System/Library/Frameworks/ServiceManagement.framework/Versions/A/ServiceManagement
0x0000000042331000 	/usr/lib/libxslt.1.dylib
0x0000000042331000 	/System/Library/Frameworks/Carbon.framework/Versions/A/Frameworks/Ink.framework/Versions/A/Ink
0x0000000042331000 	/System/Library/PrivateFrameworks/TextureIO.framework/Versions/A/TextureIO
0x0000000042331000 	/System/Library/Frameworks/Metal.framework/Versions/A/Metal
0x0000000042331000 	/usr/lib/libate.dylib
0x0000000042331000 	/System/Library/PrivateFrameworks/GPUCompiler.framework/libmetal_timestamp.dylib
0x0000000042331000 	/System/Library/Frameworks/OpenGL.framework/Versions/A/Libraries/libCoreFSCache.dylib
0x0000000042331000 	/System/Library/PrivateFrameworks/IOAccelerator.framework/Versions/A/IOAccelerator
0x0000000042331000 	/System/Library/Frameworks/CoreVideo.framework/Versions/A/CoreVideo
0x0000000042331000 	/usr/lib/libFosl_dynamic.dylib
0x0000000042331000 	/System/Library/PrivateFrameworks/MetalPerformanceShaders.framework/Versions/A/MetalPerformanceShaders
0x0000000042331000 	/System/Library/PrivateFrameworks/FaceCore.framework/Versions/A/FaceCore
0x0000000042331000 	/System/Library/Frameworks/OpenCL.framework/Versions/A/OpenCL
0x0000000042331000 	/System/Library/Frameworks/OpenGL.framework/Versions/A/Libraries/libGLU.dylib
0x0000000042331000 	/System/Library/Frameworks/OpenGL.framework/Versions/A/Libraries/libGFXShared.dylib
0x0000000042331000 	/System/Library/Frameworks/OpenGL.framework/Versions/A/Libraries/libGL.dylib
0x0000000042331000 	/System/Library/Frameworks/OpenGL.framework/Versions/A/Libraries/libGLImage.dylib
0x0000000042331000 	/System/Library/Frameworks/OpenGL.framework/Versions/A/Libraries/libCVMSPluginSupport.dylib
0x0000000042331000 	/System/Library/Frameworks/OpenGL.framework/Versions/A/Libraries/libCoreVMClient.dylib
0x0000000042331000 	/System/Library/PrivateFrameworks/CrashReporterSupport.framework/Versions/A/CrashReporterSupport
0x0000000042331000 	/System/Library/PrivateFrameworks/Sharing.framework/Versions/A/Sharing
0x0000000042331000 	/System/Library/PrivateFrameworks/IconServices.framework/Versions/A/IconServices
0x0000000042331000 	/System/Library/PrivateFrameworks/ProtocolBuffer.framework/Versions/A/ProtocolBuffer
0x0000000042331000 	/System/Library/PrivateFrameworks/Apple80211.framework/Versions/A/Apple80211
0x0000000042331000 	/System/Library/Frameworks/CoreWLAN.framework/Versions/A/CoreWLAN
0x0000000042331000 	/System/Library/PrivateFrameworks/CoreUtils.framework/Versions/A/CoreUtils
0x0000000042331000 	/System/Library/Frameworks/IOBluetooth.framework/Versions/A/IOBluetooth
0x0000000042331000 	/System/Library/PrivateFrameworks/CoreWiFi.framework/Versions/A/CoreWiFi
0x0000000042331000 	/System/Library/Frameworks/CoreBluetooth.framework/Versions/A/CoreBluetooth
0x0000000042331000 	/System/Library/Frameworks/CoreDisplay.framework/Versions/A/CoreDisplay
0x0000000042331000 	/System/Library/PrivateFrameworks/IOPresentment.framework/Versions/A/IOPresentment
0x0000000042331000 	/System/Library/PrivateFrameworks/DSExternalDisplay.framework/Versions/A/DSExternalDisplay
0x0000000042331000 	/System/Library/PrivateFrameworks/DebugSymbols.framework/Versions/A/DebugSymbols
0x0000000042331000 	/System/Library/PrivateFrameworks/CoreSymbolication.framework/Versions/A/CoreSymbolication
0x0000000042331000 	/System/Library/PrivateFrameworks/Symbolication.framework/Versions/A/Symbolication
0x0000000042331000 	/System/Library/PrivateFrameworks/AppleFSCompression.framework/Versions/A/AppleFSCompression
0x0000000042331000 	/System/Library/PrivateFrameworks/SpeechRecognitionCore.framework/Versions/A/SpeechRecognitionCore
0x0000000042331000 	/System/Library/PrivateFrameworks/ChunkingLibrary.framework/Versions/A/ChunkingLibrary
0x000000010fc00000 	/Library/Java/JavaVirtualMachines/jdk1.8.0_161.jdk/Contents/Home/jre/lib/server/libjvm.dylib
0x0000000042331000 	/usr/lib/libstdc++.6.dylib
0x000000010eabd000 	/Library/Java/JavaVirtualMachines/jdk1.8.0_161.jdk/Contents/Home/jre/lib/libverify.dylib
0x000000010eacb000 	/Library/Java/JavaVirtualMachines/jdk1.8.0_161.jdk/Contents/Home/jre/lib/libjava.dylib
0x000000010eb02000 	/Library/Java/JavaVirtualMachines/jdk1.8.0_161.jdk/Contents/Home/jre/lib/libinstrument.dylib
0x000000010eb60000 	/Library/Java/JavaVirtualMachines/jdk1.8.0_161.jdk/Contents/Home/jre/lib/libzip.dylib
0x0000000115155000 	/Library/Java/JavaVirtualMachines/jdk1.8.0_161.jdk/Contents/Home/jre/lib/libnet.dylib
0x0000000115305000 	/Library/Java/JavaVirtualMachines/jdk1.8.0_161.jdk/Contents/Home/jre/lib/libnio.dylib
0x0000000115496000 	/Library/Java/JavaVirtualMachines/jdk1.8.0_161.jdk/Contents/Home/jre/lib/libsunec.dylib
0x000000011557e000 	/Library/Java/JavaVirtualMachines/jdk1.8.0_161.jdk/Contents/Home/jre/lib/libawt.dylib
0x000000012e58c000 	/Library/Java/JavaVirtualMachines/jdk1.8.0_161.jdk/Contents/Home/jre/lib/./libmlib_image.dylib
0x0000000115628000 	/System/Library/Frameworks/JavaVM.framework/Versions/A/Frameworks/JavaNativeFoundation.framework/Versions/A/JavaNativeFoundation
0x000000012e658000 	/System/Library/Frameworks/JavaVM.framework/Versions/A/Frameworks/JavaRuntimeSupport.framework/Versions/A/JavaRuntimeSupport
0x000000012e672000 	/System/Library/Frameworks/JavaVM.framework/Versions/A/JavaVM
0x000000012e67f000 	/System/Library/PrivateFrameworks/JavaLaunching.framework/Versions/A/JavaLaunching
0x0000000042331000 	/System/Library/Frameworks/Carbon.framework/Versions/A/Carbon
0x0000000042331000 	/System/Library/Frameworks/Carbon.framework/Versions/A/Frameworks/CommonPanels.framework/Versions/A/CommonPanels
0x0000000042331000 	/System/Library/Frameworks/Carbon.framework/Versions/A/Frameworks/Help.framework/Versions/A/Help
0x0000000042331000 	/System/Library/Frameworks/Carbon.framework/Versions/A/Frameworks/ImageCapture.framework/Versions/A/ImageCapture
0x0000000042331000 	/System/Library/Frameworks/Carbon.framework/Versions/A/Frameworks/OpenScripting.framework/Versions/A/OpenScripting
0x0000000042331000 	/System/Library/Frameworks/Carbon.framework/Versions/A/Frameworks/Print.framework/Versions/A/Print
0x0000000042331000 	/System/Library/Frameworks/Carbon.framework/Versions/A/Frameworks/SecurityHI.framework/Versions/A/SecurityHI
0x000000012e68b000 	/Library/Java/JavaVirtualMachines/jdk1.8.0_161.jdk/Contents/Home/jre/lib/libawt_lwawt.dylib
0x000000012e745000 	/Library/Java/JavaVirtualMachines/jdk1.8.0_161.jdk/Contents/Home/jre/lib/./libosxapp.dylib
0x0000000042331000 	/System/Library/Frameworks/ExceptionHandling.framework/Versions/A/ExceptionHandling
0x0000000042331000 	/System/Library/PrivateFrameworks/CoreServicesInternal.framework/Versions/A/CoreServicesInternal
0x0000000042331000 	/System/Library/CoreServices/RawCamera.bundle/Contents/MacOS/RawCamera
0x0000000042331000 	/System/Library/Frameworks/Accelerate.framework/Versions/A/Frameworks/vImage.framework/Versions/A/Libraries/libCGInterfaces.dylib
0x0000000042331000 	/System/Library/Frameworks/ApplicationServices.framework/Versions/A/Frameworks/ATS.framework/Versions/A/Resources/libTrueTypeScaler.dylib
0x00000001307a1000 	/System/Library/Frameworks/OpenGL.framework/Resources/GLEngine.bundle/GLEngine
0x0000000042331000 	/System/Library/Frameworks/OpenGL.framework/Versions/A/Libraries/libGLProgrammability.dylib
0x0000000130986000 	/System/Library/Extensions/AppleIntelHD5000GraphicsGLDriver.bundle/Contents/MacOS/AppleIntelHD5000GraphicsGLDriver
0x0000000042331000 	/System/Library/PrivateFrameworks/GPUSupport.framework/Versions/A/Libraries/libGPUSupportMercury.dylib
0x00000001310f8000 	/System/Library/Frameworks/OpenGL.framework/Resources//GLRendererFloat.bundle/GLRendererFloat
0x0000000042331000 	/System/Library/Frameworks/OpenCL.framework/Versions/A/Libraries/libcldcpuengine.dylib
0x0000000042331000 	/usr/lib/libcrypto.0.9.8.dylib
0x0000000042331000 	/System/Library/PrivateFrameworks/TrustEvaluationAgent.framework/Versions/A/TrustEvaluationAgent
0x000000013112c000 	/System/Library/Extensions/AppleIntelHD5000GraphicsMTLDriver.bundle/Contents/MacOS/AppleIntelHD5000GraphicsMTLDriver
0x0000000042331000 	/System/Library/PrivateFrameworks/FamilyControls.framework/Versions/A/FamilyControls
0x0000000042331000 	/System/Library/PrivateFrameworks/CommerceKit.framework/Versions/A/Frameworks/CommerceCore.framework/Versions/A/CommerceCore
0x0000000042331000 	/System/Library/PrivateFrameworks/SystemAdministration.framework/Versions/A/SystemAdministration
0x0000000042331000 	/System/Library/PrivateFrameworks/AppContainer.framework/Versions/A/AppContainer
0x0000000042331000 	/System/Library/PrivateFrameworks/SecCodeWrapper.framework/Versions/A/SecCodeWrapper
0x0000000042331000 	/System/Library/Frameworks/DirectoryService.framework/Versions/A/DirectoryService
0x0000000042331000 	/System/Library/PrivateFrameworks/DiskImages.framework/Versions/A/DiskImages
0x0000000042331000 	/System/Library/PrivateFrameworks/LoginUIKit.framework/Versions/A/Frameworks/LoginUICore.framework/Versions/A/LoginUICore
0x0000000042331000 	/usr/lib/libCoreStorage.dylib
0x0000000042331000 	/usr/lib/libcsfde.dylib
0x0000000042331000 	/usr/lib/libodfde.dylib
0x0000000042331000 	/System/Library/Frameworks/DiscRecording.framework/Versions/A/DiscRecording
0x0000000042331000 	/usr/lib/libcurl.4.dylib
0x0000000042331000 	/System/Library/PrivateFrameworks/MediaKit.framework/Versions/A/MediaKit
0x0000000042331000 	/System/Library/PrivateFrameworks/ProtectedCloudStorage.framework/Versions/A/ProtectedCloudStorage
0x0000000042331000 	/System/Library/PrivateFrameworks/EFILogin.framework/Versions/A/EFILogin
0x0000000042331000 	/usr/lib/libutil.dylib
0x0000000042331000 	/System/Library/Frameworks/LDAP.framework/Versions/A/LDAP
0x0000000042331000 	/usr/lib/libsasl2.2.dylib
0x0000000042331000 	/System/Library/PrivateFrameworks/CoreDaemon.framework/Versions/B/CoreDaemon
0x0000000042331000 	/System/Library/PrivateFrameworks/AppleSRP.framework/Versions/A/AppleSRP
0x0000000042331000 	/System/Library/PrivateFrameworks/APFS.framework/Versions/A/APFS
0x0000000042331000 	/System/Library/PrivateFrameworks/ViewBridge.framework/Versions/A/ViewBridge
0x0000000042331000 	/System/Library/PrivateFrameworks/XPCService.framework/Versions/A/XPCService
0x0000000042331000 	/System/Library/PrivateFrameworks/AppSandbox.framework/Versions/A/AppSandbox
0x0000000042331000 	/usr/lib/libsandbox.1.dylib
0x0000000042331000 	/usr/lib/libMatch.1.dylib
0x000000012ebb1000 	/Users/santoshsrinivas/Library/Caches/JNA/temp/jna1974233005124973029.tmp
0x0000000132ebd000 	/usr/local/lib/libtesseract.dylib
0x0000000133158000 	/usr/local/opt/leptonica/lib/liblept.5.dylib
0x000000012ebc7000 	/usr/local/opt/libpng/lib/libpng16.16.dylib
0x000000012ebf3000 	/usr/local/opt/jpeg/lib/libjpeg.9.dylib
0x000000012ec26000 	/usr/local/opt/giflib/lib/libgif.dylib
0x000000012ec2e000 	/usr/local/opt/libtiff/lib/libtiff.5.dylib
0x000000012ec99000 	/usr/local/opt/webp/lib/libwebpmux.3.dylib
0x0000000132784000 	/usr/local/opt/webp/lib/libwebp.7.dylib
0x00000001327e5000 	/usr/local/opt/openjpeg/lib/libopenjp2.7.dylib

VM Arguments:
jvm_args: -javaagent:/Applications/IntelliJ IDEA CE.app/Contents/lib/idea_rt.jar=52258:/Applications/IntelliJ IDEA CE.app/Contents/bin -Dfile.encoding=UTF-8 
java_command: ocrdemo.ReadCaptcha
java_class_path (initial): /Library/Java/JavaVirtualMachines/jdk1.8.0_161.jdk/Contents/Home/jre/lib/charsets.jar:/Library/Java/JavaVirtualMachines/jdk1.8.0_161.jdk/Contents/Home/jre/lib/deploy.jar:/Library/Java/JavaVirtualMachines/jdk1.8.0_161.jdk/Contents/Home/jre/lib/ext/cldrdata.jar:/Library/Java/JavaVirtualMachines/jdk1.8.0_161.jdk/Contents/Home/jre/lib/ext/dnsns.jar:/Library/Java/JavaVirtualMachines/jdk1.8.0_161.jdk/Contents/Home/jre/lib/ext/jaccess.jar:/Library/Java/JavaVirtualMachines/jdk1.8.0_161.jdk/Contents/Home/jre/lib/ext/jfxrt.jar:/Library/Java/JavaVirtualMachines/jdk1.8.0_161.jdk/Contents/Home/jre/lib/ext/localedata.jar:/Library/Java/JavaVirtualMachines/jdk1.8.0_161.jdk/Contents/Home/jre/lib/ext/nashorn.jar:/Library/Java/JavaVirtualMachines/jdk1.8.0_161.jdk/Contents/Home/jre/lib/ext/sunec.jar:/Library/Java/JavaVirtualMachines/jdk1.8.0_161.jdk/Contents/Home/jre/lib/ext/sunjce_provider.jar:/Library/Java/JavaVirtualMachines/jdk1.8.0_161.jdk/Contents/Home/jre/lib/ext/sunpkcs11.jar:/Library/Java/JavaVirtualMachines/jdk1.8.0_161.jdk/Contents/Home/jre/lib/ext/zipfs.jar:/Library/Java/JavaVirtualMachines/jdk1.8.0_161.jdk/Contents/Home/jre/lib/javaws.jar:/Library/Java/JavaVirtualMachines/jdk1.8.0_161.jdk/Contents/Home/jre/lib/jce.jar:/Library/Java/JavaVirtualMachines/jdk1.8.0_161.jdk/Contents/Home/jre/lib/jfr.jar:/Library/Java/JavaVirtualMachines/jdk1.8.0_161.jdk/Contents/Home/jre/lib/jfxswt.jar:/Library/Java/JavaVirtualMachines/jdk1.8.0_161.jdk/Contents/Home/jre/lib/jsse.jar:/Library/Java/JavaVirtualMachines/jdk1.8.0_161.jdk/Contents/Home/jre/lib/management-agent.jar:/Library/Java/JavaVirtualMachines/jdk1.8.0_161.jdk/Contents/Home/jre/lib/plugin.jar:/Library/Java/JavaVirtualMachines/jdk1.8.0_161.jdk/Contents/Home/jre/lib/resources.jar:/Library/Java/JavaVirtualMachines/jdk1.8.0_161.jdk/Contents/Home/jre/lib/rt.jar:/Library/Java/JavaVirtualMachines/jdk1.8.0_161.jdk/Contents/Home/lib/ant-javafx.jar:/Library/Java/JavaVirtualMachines/jdk1.8.0_161.jdk/Contents/Home
Launcher Type: SUN_STANDARD

Environment Variables:
PATH=/Users/santoshsrinivas/bin:/Users/santoshsrinivas/bin:/Library/Frameworks/Python.framework/Versions/2.7/bin:/Users/santoshsrinivas/Library/Python/2.7/bin:/usr/local/bin:/usr/bin:/bin:/usr/sbin:/sbin
SHELL=/bin/zsh

Signal Handlers:
SIGSEGV: [libjvm.dylib+0x5b5439], sa_mask[0]=11111111011111110111111111111111, sa_flags=SA_ONSTACK|SA_RESTART|SA_SIGINFO
SIGBUS: [libjvm.dylib+0x5b5439], sa_mask[0]=11111111011111110111111111111111, sa_flags=SA_RESTART|SA_SIGINFO
SIGFPE: [libjvm.dylib+0x48ae24], sa_mask[0]=11111111011111110111111111111111, sa_flags=SA_RESTART|SA_SIGINFO
SIGPIPE: [libjvm.dylib+0x48ae24], sa_mask[0]=11111111011111110111111111111111, sa_flags=SA_RESTART|SA_SIGINFO
SIGXFSZ: [libjvm.dylib+0x48ae24], sa_mask[0]=11111111011111110111111111111111, sa_flags=SA_RESTART|SA_SIGINFO
SIGILL: [libjvm.dylib+0x48ae24], sa_mask[0]=11111111011111110111111111111111, sa_flags=SA_RESTART|SA_SIGINFO
SIGUSR1: SIG_DFL, sa_mask[0]=00000000000000000000000000000000, sa_flags=none
SIGUSR2: [libjvm.dylib+0x48a942], sa_mask[0]=00100000000000000000000000000000, sa_flags=SA_RESTART|SA_SIGINFO
SIGHUP: [libjvm.dylib+0x488f0d], sa_mask[0]=11111111011111110111111111111111, sa_flags=SA_RESTART|SA_SIGINFO
SIGINT: [libjvm.dylib+0x488f0d], sa_mask[0]=11111111011111110111111111111111, sa_flags=SA_RESTART|SA_SIGINFO
SIGTERM: [libjvm.dylib+0x488f0d], sa_mask[0]=11111111011111110111111111111111, sa_flags=SA_RESTART|SA_SIGINFO
SIGQUIT: [libjvm.dylib+0x488f0d], sa_mask[0]=11111111011111110111111111111111, sa_flags=SA_RESTART|SA_SIGINFO


---------------  S Y S T E M  ---------------

OS:Bsduname:Darwin 16.7.0 Darwin Kernel Version 16.7.0: Wed Apr 24 20:50:53 PDT 2019; root:xnu-3789.73.49~1/RELEASE_X86_64 x86_64
rlimit: STACK 8192k, CORE 0k, NPROC 709, NOFILE 10240, AS infinity
load average:2.44 3.00 3.05

CPU:total 8 (initial active 8) (4 cores per cpu, 2 threads per core) family 6 model 70 stepping 1, cmov, cx8, fxsr, mmx, sse, sse2, sse3, ssse3, sse4.1, sse4.2, popcnt, avx, avx2, aes, clmul, erms, lzcnt, ht, tsc, tscinvbit, bmi1, bmi2

Memory: 4k page, physical 16777216k(1175880k free)

/proc/meminfo:


vm_info: Java HotSpot(TM) 64-Bit Server VM (25.161-b12) for bsd-amd64 JRE (1.8.0_161-b12), built on Dec 19 2017 16:22:20 by "java_re" with gcc 4.2.1 (Based on Apple Inc. build 5658) (LLVM build 2336.11.00)

time: Tue May 12 16:38:10 2020
elapsed time: 49 seconds (0d 0h 0m 49s)

