#
# A fatal error has been detected by the Java Runtime Environment:
#
#  SIGSEGV (0xb) at pc=0x000000012b459914, pid=44288, tid=0x0000000000001c03
#
# JRE version: Java(TM) SE Runtime Environment (8.0_161-b12) (build 1.8.0_161-b12)
# Java VM: Java HotSpot(TM) 64-Bit Server VM (25.161-b12 mixed mode bsd-amd64 compressed oops)
# Problematic frame:
# C  [libtesseract.dylib+0x18914]  tesseract::Tesseract::recog_all_words(PAGE_RES*, ETEXT_DESC*, TBOX const*, char const*, int)+0xb8
#
# Failed to write core dump. Core dumps have been disabled. To enable core dumping, try "ulimit -c unlimited" before starting Java again
#
# If you would like to submit a bug report, please visit:
#   http://bugreport.java.com/bugreport/crash.jsp
# The crash happened outside the Java Virtual Machine in native code.
# See problematic frame for where to report the bug.
#

---------------  T H R E A D  ---------------

Current thread (0x00007fd330815000):  JavaThread "main" [_thread_in_native, id=7171, stack(0x000070000a926000,0x000070000aa26000)]

siginfo: si_signo: 11 (SIGSEGV), si_code: 1 (SEGV_MAPERR), si_addr: 0x000000000000000c

Registers:
RAX=0x0000000000000000, RBX=0x00007fd3304b2080, RCX=0x0000000000000000, RDX=0x0000000000000001
RSP=0x000070000aa24630, RBP=0x000070000aa247e0, RSI=0x0000000000000001, RDI=0x000070000aa24680
R8 =0x0000000000000000, R9 =0x0000000000000000, R10=0x00000000ffffffe0, R11=0x0000000000000ae0
R12=0x0000000000000000, R13=0x0000000115f40000, R14=0x0000000000000000, R15=0x0000000000000000
RIP=0x000000012b459914, EFLAGS=0x0000000000010246, ERR=0x0000000000000004
  TRAPNO=0x000000000000000e

Top of Stack: (sp=0x000070000aa24630)
0x000070000aa24630:   00007fd3304b2080 0000000000000000
0x000070000aa24640:   0000000000000000 0000000000000000
0x000070000aa24650:   00007fd3304b2750 00007fd3304b1ce0
0x000070000aa24660:   00007fd3304b1cb0 0000000000000000
0x000070000aa24670:   0000000000000000 0000000000000000
0x000070000aa24680:   00007fd3304b2088 00007fd3304b1cb0
0x000070000aa24690:   00007fd3304b1cb0 00007fd3304b1cb0
0x000070000aa246a0:   00007fd3304b1cb0 00007fd330010000
0x000070000aa246b0:   00007fd3304b1cd8 00007fd3304b1ce0
0x000070000aa246c0:   00007fd3304b1ce0 00007fd3304b1ce0
0x000070000aa246d0:   00007fd3304b1ce0 00007fd330010000
0x000070000aa246e0:   00007fd3304b1d00 00007fd3304b1e00
0x000070000aa246f0:   00007fd3304b2750 00007fd3304b1e00
0x000070000aa24700:   00007fd3304b2750 00000001cd010000
0x000070000aa24710:   00007fd3304b1d00 00007fd3304b1e00
0x000070000aa24720:   00007fd3304b2750 00007fd3304b1e00
0x000070000aa24730:   00007fd3304b2750 0000000000000000
0x000070000aa24740:   00007fd3304b1d00 00007fd3304b1e00
0x000070000aa24750:   00007fd3304b2750 00007fd3304b1e00
0x000070000aa24760:   00007fd3304b2750 00007fd330000000
0x000070000aa24770:   00007fd3304b0c20 00007fd3305d3310
0x000070000aa24780:   000070000aa247b0 000000012b5a70b6
0x000070000aa24790:   00007fd3304ab920 00007fd3304ab920
0x000070000aa247a0:   0000000000000000 0000000000000000
0x000070000aa247b0:   00007fd3304b2080 000070000aa24801
0x000070000aa247c0:   00007fd3304ab920 0000000115f40000
0x000070000aa247d0:   00000000ffffffff 0000000000000000
0x000070000aa247e0:   000070000aa24850 000000012b445242
0x000070000aa247f0:   0000000107794000 fd00000070001000
0x000070000aa24800:   000000010779ffff 0000000000000000
0x000070000aa24810:   0000000000000000 0000000116193464
0x000070000aa24820:   01007fffd5e5d000 00007fd3304ab920 

Instructions: (pc=0x000000012b459914)
0x000000012b4598f4:   e8 17 6f 12 00 41 83 bd 08 14 00 00 00 7e 0a 4c
0x000000012b459904:   89 ef e8 87 eb 0b 00 eb 15 49 8b 85 b0 09 00 00
0x000000012b459914:   80 78 0c 00 74 08 4c 89 ef e8 e4 eb 0b 00 41 83
0x000000012b459924:   bd d8 44 02 00 00 7e 3e 31 db 49 8b 85 e0 44 02 

Register to memory mapping:

RAX=0x0000000000000000 is an unknown value
RBX=0x00007fd3304b2080 is an unknown value
RCX=0x0000000000000000 is an unknown value
RDX=0x0000000000000001 is an unknown value
RSP=0x000070000aa24630 is pointing into the stack for thread: 0x00007fd330815000
RBP=0x000070000aa247e0 is pointing into the stack for thread: 0x00007fd330815000
RSI=0x0000000000000001 is an unknown value
RDI=0x000070000aa24680 is pointing into the stack for thread: 0x00007fd330815000
R8 =0x0000000000000000 is an unknown value
R9 =0x0000000000000000 is an unknown value
R10=0x00000000ffffffe0 is an unknown value
R11=0x0000000000000ae0 is an unknown value
R12=0x0000000000000000 is an unknown value
R13=0x0000000115f40000 is an unknown value
R14=0x0000000000000000 is an unknown value
R15=0x0000000000000000 is an unknown value


Stack: [0x000070000a926000,0x000070000aa26000],  sp=0x000070000aa24630,  free space=1017k
Native frames: (J=compiled Java code, j=interpreted, Vv=VM code, C=native code)
C  [libtesseract.dylib+0x18914]  tesseract::Tesseract::recog_all_words(PAGE_RES*, ETEXT_DESC*, TBOX const*, char const*, int)+0xb8
C  [libtesseract.dylib+0x4242]  tesseract::TessBaseAPI::Recognize(ETEXT_DESC*)+0x374
C  [libtesseract.dylib+0x316d]  tesseract::TessBaseAPI::GetUTF8Text()+0x2b
C  [jna1885662824059413805.tmp+0xde74]  ffi_call_unix64+0x4c
C  0x000070000aa25298

Java frames: (J=compiled Java code, j=interpreted, Vv=VM code)
j  com.sun.jna.Native.invokePointer(Lcom/sun/jna/Function;JI[Ljava/lang/Object;)J+0
j  com.sun.jna.Function.invokePointer(I[Ljava/lang/Object;)Lcom/sun/jna/Pointer;+7
j  com.sun.jna.Function.invoke([Ljava/lang/Object;Ljava/lang/Class;ZI)Ljava/lang/Object;+385
j  com.sun.jna.Function.invoke(Ljava/lang/reflect/Method;[Ljava/lang/Class;Ljava/lang/Class;[Ljava/lang/Object;Ljava/util/Map;)Ljava/lang/Object;+271
j  com.sun.jna.Library$Handler.invoke(Ljava/lang/Object;Ljava/lang/reflect/Method;[Ljava/lang/Object;)Ljava/lang/Object;+390
j  com.sun.proxy.$Proxy0.TessBaseAPIGetUTF8Text(Lnet/sourceforge/tess4j/ITessAPI$TessBaseAPI;)Lcom/sun/jna/Pointer;+16
j  net.sourceforge.tess4j.Tesseract.getOCRText(Ljava/lang/String;I)Ljava/lang/String;+269
j  net.sourceforge.tess4j.Tesseract.doOCR(Ljavax/imageio/IIOImage;Ljava/lang/String;Ljava/awt/Rectangle;I)Ljava/lang/String;+18
j  net.sourceforge.tess4j.Tesseract.doOCR(Ljava/io/File;Ljava/awt/Rectangle;)Ljava/lang/String;+126
j  net.sourceforge.tess4j.Tesseract.doOCR(Ljava/io/File;)Ljava/lang/String;+3
j  ocrdemo.ReadCaptcha.main([Ljava/lang/String;)V+147
v  ~StubRoutines::call_stub

---------------  P R O C E S S  ---------------

Java Threads: ( => current thread )
  0x00007fd33431f000 JavaThread "Java2D Disposer" daemon [_thread_blocked, id=56111, stack(0x000070000c8b4000,0x000070000c9b4000)]
  0x00007fd3308f9800 JavaThread "AWT-Shutdown" [_thread_blocked, id=37415, stack(0x000070000c5a5000,0x000070000c6a5000)]
  0x00007fd330a9c800 JavaThread "AWT-AppKit" daemon [_thread_in_native, id=775, stack(0x00007fff57c88000,0x00007fff58488000)]
  0x00007fd332a92800 JavaThread "Okio Watchdog" daemon [_thread_blocked, id=26627, stack(0x000070000c4a2000,0x000070000c5a2000)]
  0x00007fd3338a4000 JavaThread "OkHttp ConnectionPool" daemon [_thread_blocked, id=26115, stack(0x000070000c39f000,0x000070000c49f000)]
  0x00007fd332ab5800 JavaThread "Exec Stream Pumper" daemon [_thread_in_native, id=25091, stack(0x000070000c199000,0x000070000c299000)]
  0x00007fd332abc800 JavaThread "Exec Stream Pumper" daemon [_thread_in_native, id=24579, stack(0x000070000c096000,0x000070000c196000)]
  0x00007fd33389c800 JavaThread "Attach Listener" daemon [_thread_blocked, id=24067, stack(0x000070000bf93000,0x000070000c093000)]
  0x00007fd33483a800 JavaThread "process reaper" daemon [_thread_in_native, id=23555, stack(0x000070000bf68000,0x000070000bf90000)]
  0x00007fd3309c7000 JavaThread "UrlChecker-2" daemon [_thread_blocked, id=23043, stack(0x000070000be65000,0x000070000bf65000)]
  0x00007fd334270000 JavaThread "Exec Default Executor" daemon [_thread_blocked, id=22531, stack(0x000070000bd62000,0x000070000be62000)]
  0x00007fd3329e8800 JavaThread "Service Thread" daemon [_thread_blocked, id=21507, stack(0x000070000bb5c000,0x000070000bc5c000)]
  0x00007fd331031800 JavaThread "C1 CompilerThread3" daemon [_thread_blocked, id=20995, stack(0x000070000ba59000,0x000070000bb59000)]
  0x00007fd33100c800 JavaThread "C2 CompilerThread2" daemon [_thread_blocked, id=20483, stack(0x000070000b956000,0x000070000ba56000)]
  0x00007fd3318ed800 JavaThread "C2 CompilerThread1" daemon [_thread_blocked, id=19971, stack(0x000070000b853000,0x000070000b953000)]
  0x00007fd3318ea800 JavaThread "C2 CompilerThread0" daemon [_thread_blocked, id=19459, stack(0x000070000b750000,0x000070000b850000)]
  0x00007fd3318e9000 JavaThread "Monitor Ctrl-Break" daemon [_thread_in_native, id=18947, stack(0x000070000b64d000,0x000070000b74d000)]
  0x00007fd33281d800 JavaThread "Signal Dispatcher" daemon [_thread_blocked, id=18435, stack(0x000070000b54a000,0x000070000b64a000)]
  0x00007fd333809800 JavaThread "Finalizer" daemon [_thread_blocked, id=14595, stack(0x000070000b447000,0x000070000b547000)]
  0x00007fd333807000 JavaThread "Reference Handler" daemon [_thread_blocked, id=14083, stack(0x000070000b344000,0x000070000b444000)]
=>0x00007fd330815000 JavaThread "main" [_thread_in_native, id=7171, stack(0x000070000a926000,0x000070000aa26000)]

Other Threads:
  0x00007fd330827000 VMThread [stack: 0x000070000b241000,0x000070000b341000] [id=13571]
  0x00007fd33417c000 WatcherThread [stack: 0x000070000bc5f000,0x000070000bd5f000] [id=22019]

VM state:not at safepoint (normal execution)

VM Mutex/Monitor currently owned by a thread: None

Heap:
 PSYoungGen      total 76288K, used 30517K [0x000000076ab00000, 0x0000000770000000, 0x00000007c0000000)
  eden space 65536K, 34% used [0x000000076ab00000,0x000000076c12a9f8,0x000000076eb00000)
  from space 10752K, 72% used [0x000000076eb00000,0x000000076f2a2dd0,0x000000076f580000)
  to   space 10752K, 0% used [0x000000076f580000,0x000000076f580000,0x0000000770000000)
 ParOldGen       total 175104K, used 24K [0x00000006c0000000, 0x00000006cab00000, 0x000000076ab00000)
  object space 175104K, 0% used [0x00000006c0000000,0x00000006c0006000,0x00000006cab00000)
 Metaspace       used 16656K, capacity 17442K, committed 17664K, reserved 1064960K
  class space    used 2037K, capacity 2243K, committed 2304K, reserved 1048576K

Card table byte_map: [0x0000000109c0f000,0x000000010a410000] byte_map_base: 0x000000010660f000

Marking Bits: (ParMarkBitMap*) 0x00000001090f76c0
 Begin Bits: [0x000000010a966000, 0x000000010e966000)
 End Bits:   [0x000000010e966000, 0x0000000112966000)

Polling page: 0x00000001077f5000

CodeCache: size=245760Kb used=5271Kb max_used=5271Kb free=240488Kb
 bounds [0x00000001164e1000, 0x0000000116a11000, 0x00000001254e1000]
 total_blobs=1942 nmethods=1497 adapters=358
 compilation: enabled

Compilation events (10 events):
Event: 12.846 Thread 0x00007fd331031800 1493       3       java.lang.Math::abs (11 bytes)
Event: 12.846 Thread 0x00007fd331031800 nmethod 1493 0x0000000116a02bd0 code [0x0000000116a02d40, 0x0000000116a02ed0]
Event: 12.846 Thread 0x00007fd331031800 1494       3       com.sun.imageio.plugins.png.PNGImageReader::paethPredictor (57 bytes)
Event: 12.846 Thread 0x00007fd331031800 nmethod 1494 0x0000000116a02510 code [0x0000000116a026a0, 0x0000000116a02ab0]
Event: 12.847 Thread 0x00007fd3318ed800 1495       4       com.sun.imageio.plugins.png.PNGImageReader::paethPredictor (57 bytes)
Event: 12.847 Thread 0x00007fd3318ed800 nmethod 1495 0x00000001169ff650 code [0x00000001169ff780, 0x00000001169ff818]
Event: 12.849 Thread 0x00007fd331031800 1496       3       sun.awt.image.ByteInterleavedRaster::putByteData (834 bytes)
Event: 12.851 Thread 0x00007fd331031800 nmethod 1496 0x0000000116a07550 code [0x0000000116a07840, 0x0000000116a08fa8]
Event: 12.851 Thread 0x00007fd331031800 1497       3       sun.awt.image.ByteInterleavedRaster::getByteData (851 bytes)
Event: 12.852 Thread 0x00007fd331031800 nmethod 1497 0x0000000116a0a690 code [0x0000000116a0a980, 0x0000000116a0c1c8]

GC Heap History (2 events):
Event: 3.416 GC heap before
{Heap before GC invocations=1 (full 0):
 PSYoungGen      total 76288K, used 65536K [0x000000076ab00000, 0x0000000770000000, 0x00000007c0000000)
  eden space 65536K, 100% used [0x000000076ab00000,0x000000076eb00000,0x000000076eb00000)
  from space 10752K, 0% used [0x000000076f580000,0x000000076f580000,0x0000000770000000)
  to   space 10752K, 0% used [0x000000076eb00000,0x000000076eb00000,0x000000076f580000)
 ParOldGen       total 175104K, used 0K [0x00000006c0000000, 0x00000006cab00000, 0x000000076ab00000)
  object space 175104K, 0% used [0x00000006c0000000,0x00000006c0000000,0x00000006cab00000)
 Metaspace       used 13582K, capacity 14360K, committed 14464K, reserved 1062912K
  class space    used 1694K, capacity 1920K, committed 1920K, reserved 1048576K
Event: 3.440 GC heap after
Heap after GC invocations=1 (full 0):
 PSYoungGen      total 76288K, used 7819K [0x000000076ab00000, 0x0000000770000000, 0x00000007c0000000)
  eden space 65536K, 0% used [0x000000076ab00000,0x000000076ab00000,0x000000076eb00000)
  from space 10752K, 72% used [0x000000076eb00000,0x000000076f2a2dd0,0x000000076f580000)
  to   space 10752K, 0% used [0x000000076f580000,0x000000076f580000,0x0000000770000000)
 ParOldGen       total 175104K, used 24K [0x00000006c0000000, 0x00000006cab00000, 0x000000076ab00000)
  object space 175104K, 0% used [0x00000006c0000000,0x00000006c0006000,0x00000006cab00000)
 Metaspace       used 13582K, capacity 14360K, committed 14464K, reserved 1062912K
  class space    used 1694K, capacity 1920K, committed 1920K, reserved 1048576K
}

Deoptimization events (10 events):
Event: 1.322 Thread 0x00007fd330815000 Uncommon trap: reason=class_check action=maybe_recompile pc=0x00000001167f2f18 method=java.util.regex.Pattern$Curly.match(Ljava/util/regex/Matcher;ILjava/lang/CharSequence;)Z @ 19
Event: 1.322 Thread 0x00007fd330815000 Uncommon trap: reason=class_check action=maybe_recompile pc=0x00000001167f2f18 method=java.util.regex.Pattern$Curly.match(Ljava/util/regex/Matcher;ILjava/lang/CharSequence;)Z @ 19
Event: 3.475 Thread 0x00007fd330815000 Uncommon trap: reason=unstable_if action=reinterpret pc=0x00000001168d0d7c method=java.lang.ref.SoftReference.get()Ljava/lang/Object; @ 17
Event: 12.492 Thread 0x00007fd330815000 Uncommon trap: reason=unstable_if action=reinterpret pc=0x00000001168a3984 method=java.lang.String.lastIndexOf([CII[CIII)I @ 17
Event: 12.515 Thread 0x00007fd330815000 Uncommon trap: reason=unstable_if action=reinterpret pc=0x00000001169b9de0 method=java.util.regex.Pattern$Slice.match(Ljava/util/regex/Matcher;ILjava/lang/CharSequence;)Z @ 54
Event: 12.759 Thread 0x00007fd330815000 Uncommon trap: reason=unstable_if action=reinterpret pc=0x00000001169db604 method=java.lang.String.lastIndexOf([CII[CIII)I @ 118
Event: 12.780 Thread 0x00007fd330815000 Uncommon trap: reason=unstable_if action=reinterpret pc=0x0000000116947070 method=java.util.HashMap.getNode(ILjava/lang/Object;)Ljava/util/HashMap$Node; @ 62
Event: 12.780 Thread 0x00007fd330815000 Uncommon trap: reason=unstable_if action=reinterpret pc=0x0000000116859ef0 method=java.util.HashMap.putVal(ILjava/lang/Object;Ljava/lang/Object;ZZ)Ljava/lang/Object; @ 94
Event: 12.780 Thread 0x00007fd330815000 Uncommon trap: reason=unstable_if action=reinterpret pc=0x000000011688ef14 method=java.util.HashMap.getNode(ILjava/lang/Object;)Ljava/util/HashMap$Node; @ 62
Event: 12.780 Thread 0x00007fd330815000 Uncommon trap: reason=unstable_if action=reinterpret pc=0x00000001167d99d8 method=java.util.HashMap.putVal(ILjava/lang/Object;Ljava/lang/Object;ZZ)Ljava/lang/Object; @ 94

Classes redefined (0 events):
No events

Internal exceptions (10 events):
Event: 1.216 Thread 0x00007fd330815000 Exception <a 'java/lang/NoSuchMethodError': java.lang.Object.lambda$chars$0()Ljava/util/Spliterator$OfInt;> (0x000000076d93d200) thrown at [/Users/java_re/workspace/8-2-build-macosx-x86_64/jdk8u161/10277/hotspot/src/share/vm/interpreter/linkResolver.cpp, 
Event: 3.388 Thread 0x00007fd330815000 Exception <a 'java/lang/NoSuchMethodError': java.lang.Object.lambda$getResponseFunction$0(Lorg/openqa/selenium/remote/InitialHandshakeResponse;)Lorg/openqa/selenium/remote/ProtocolHandshake$Result;> (0x000000076ea87f98) thrown at [/Users/java_re/workspace
Event: 3.483 Thread 0x00007fd330815000 Exception <a 'java/net/SocketTimeoutException': Read timed out> (0x000000076ad307a8) thrown at [/Users/java_re/workspace/8-2-build-macosx-x86_64/jdk8u161/10277/hotspot/src/share/vm/prims/jni.cpp, line 735]
Event: 6.980 Thread 0x00007fd330815000 Exception <a 'java/net/SocketTimeoutException': Read timed out> (0x000000076ad7c1b0) thrown at [/Users/java_re/workspace/8-2-build-macosx-x86_64/jdk8u161/10277/hotspot/src/share/vm/prims/jni.cpp, line 735]
Event: 6.986 Thread 0x00007fd330815000 Exception <a 'java/net/SocketTimeoutException': Read timed out> (0x000000076add9a98) thrown at [/Users/java_re/workspace/8-2-build-macosx-x86_64/jdk8u161/10277/hotspot/src/share/vm/prims/jni.cpp, line 735]
Event: 7.000 Thread 0x00007fd330815000 Exception <a 'java/net/SocketTimeoutException': Read timed out> (0x000000076ae01b08) thrown at [/Users/java_re/workspace/8-2-build-macosx-x86_64/jdk8u161/10277/hotspot/src/share/vm/prims/jni.cpp, line 735]
Event: 12.191 Thread 0x00007fd330815000 Exception <a 'java/net/SocketTimeoutException': Read timed out> (0x000000076af5bda8) thrown at [/Users/java_re/workspace/8-2-build-macosx-x86_64/jdk8u161/10277/hotspot/src/share/vm/prims/jni.cpp, line 735]
Event: 12.491 Thread 0x00007fd330815000 Exception <a 'java/io/FileNotFoundException'> (0x000000076b3d0688) thrown at [/Users/java_re/workspace/8-2-build-macosx-x86_64/jdk8u161/10277/hotspot/src/share/vm/prims/jni.cpp, line 709]
Event: 12.666 Thread 0x00007fd330815000 Exception <a 'java/io/FileNotFoundException'> (0x000000076b6a0930) thrown at [/Users/java_re/workspace/8-2-build-macosx-x86_64/jdk8u161/10277/hotspot/src/share/vm/prims/jni.cpp, line 709]
Event: 12.666 Thread 0x00007fd330815000 Exception <a 'java/io/FileNotFoundException'> (0x000000076b6a14b0) thrown at [/Users/java_re/workspace/8-2-build-macosx-x86_64/jdk8u161/10277/hotspot/src/share/vm/prims/jni.cpp, line 709]

Events (10 events):
Event: 12.844 loading class sun/awt/image/ShortComponentRaster
Event: 12.844 loading class sun/awt/image/ShortComponentRaster done
Event: 12.844 loading class com/sun/imageio/plugins/common/ReaderUtil
Event: 12.845 loading class com/sun/imageio/plugins/common/ReaderUtil done
Event: 12.848 loading class javax/imageio/IIOImage
Event: 12.848 loading class javax/imageio/IIOImage done
Event: 12.850 loading class java/lang/StrictMath
Event: 12.850 loading class java/lang/StrictMath done
Event: 12.850 loading class com/sun/jna/Native$Buffers
Event: 12.850 loading class com/sun/jna/Native$Buffers done


Dynamic libraries:
0x0000000042331000 	/System/Library/Frameworks/Cocoa.framework/Versions/A/Cocoa
0x0000000042331000 	/System/Library/Frameworks/Security.framework/Versions/A/Security
0x0000000042331000 	/System/Library/Frameworks/ApplicationServices.framework/Versions/A/ApplicationServices
0x0000000042331000 	/usr/lib/libz.1.dylib
0x0000000042331000 	/usr/lib/libSystem.B.dylib
0x0000000042331000 	/usr/lib/libobjc.A.dylib
0x0000000042331000 	/System/Library/Frameworks/CoreFoundation.framework/Versions/A/CoreFoundation
0x0000000042331000 	/System/Library/Frameworks/Foundation.framework/Versions/C/Foundation
0x0000000042331000 	/System/Library/Frameworks/AppKit.framework/Versions/C/AppKit
0x0000000042331000 	/System/Library/Frameworks/CoreData.framework/Versions/A/CoreData
0x0000000042331000 	/System/Library/PrivateFrameworks/RemoteViewServices.framework/Versions/A/RemoteViewServices
0x0000000042331000 	/System/Library/PrivateFrameworks/UIFoundation.framework/Versions/A/UIFoundation
0x0000000042331000 	/System/Library/PrivateFrameworks/DFRFoundation.framework/Versions/A/DFRFoundation
0x0000000042331000 	/usr/lib/libenergytrace.dylib
0x0000000042331000 	/System/Library/PrivateFrameworks/SkyLight.framework/Versions/A/SkyLight
0x0000000042331000 	/System/Library/Frameworks/CoreGraphics.framework/Versions/A/CoreGraphics
0x0000000042331000 	/usr/lib/libScreenReader.dylib
0x0000000042331000 	/System/Library/Frameworks/Accelerate.framework/Versions/A/Accelerate
0x0000000042331000 	/System/Library/Frameworks/IOSurface.framework/Versions/A/IOSurface
0x0000000042331000 	/System/Library/Frameworks/AudioToolbox.framework/Versions/A/AudioToolbox
0x0000000042331000 	/System/Library/Frameworks/AudioUnit.framework/Versions/A/AudioUnit
0x0000000042331000 	/System/Library/PrivateFrameworks/DataDetectorsCore.framework/Versions/A/DataDetectorsCore
0x0000000042331000 	/System/Library/PrivateFrameworks/DesktopServicesPriv.framework/Versions/A/DesktopServicesPriv
0x0000000042331000 	/System/Library/Frameworks/Carbon.framework/Versions/A/Frameworks/HIToolbox.framework/Versions/A/HIToolbox
0x0000000042331000 	/usr/lib/libicucore.A.dylib
0x0000000042331000 	/System/Library/Frameworks/QuartzCore.framework/Versions/A/QuartzCore
0x0000000042331000 	/System/Library/Frameworks/Carbon.framework/Versions/A/Frameworks/SpeechRecognition.framework/Versions/A/SpeechRecognition
0x0000000042331000 	/usr/lib/libauto.dylib
0x0000000042331000 	/usr/lib/libxml2.2.dylib
0x0000000042331000 	/System/Library/PrivateFrameworks/CoreUI.framework/Versions/A/CoreUI
0x0000000042331000 	/System/Library/Frameworks/CoreAudio.framework/Versions/A/CoreAudio
0x0000000042331000 	/System/Library/Frameworks/DiskArbitration.framework/Versions/A/DiskArbitration
0x0000000042331000 	/usr/lib/liblangid.dylib
0x0000000042331000 	/System/Library/PrivateFrameworks/MultitouchSupport.framework/Versions/A/MultitouchSupport
0x0000000042331000 	/System/Library/Frameworks/IOKit.framework/Versions/A/IOKit
0x0000000042331000 	/usr/lib/libDiagnosticMessagesClient.dylib
0x0000000042331000 	/System/Library/Frameworks/CoreServices.framework/Versions/A/CoreServices
0x0000000042331000 	/System/Library/PrivateFrameworks/PerformanceAnalysis.framework/Versions/A/PerformanceAnalysis
0x0000000042331000 	/System/Library/PrivateFrameworks/GenerationalStorage.framework/Versions/A/GenerationalStorage
0x0000000042331000 	/System/Library/Frameworks/OpenGL.framework/Versions/A/OpenGL
0x0000000042331000 	/System/Library/Frameworks/CoreImage.framework/Versions/A/CoreImage
0x0000000042331000 	/System/Library/Frameworks/CoreText.framework/Versions/A/CoreText
0x0000000042331000 	/System/Library/Frameworks/ImageIO.framework/Versions/A/ImageIO
0x0000000042331000 	/System/Library/PrivateFrameworks/Backup.framework/Versions/A/Backup
0x0000000042331000 	/usr/lib/libarchive.2.dylib
0x0000000042331000 	/System/Library/Frameworks/CFNetwork.framework/Versions/A/CFNetwork
0x0000000042331000 	/System/Library/Frameworks/SystemConfiguration.framework/Versions/A/SystemConfiguration
0x0000000042331000 	/usr/lib/libCRFSuite.dylib
0x0000000042331000 	/usr/lib/libc++.1.dylib
0x0000000042331000 	/usr/lib/libc++abi.dylib
0x0000000042331000 	/usr/lib/system/libcache.dylib
0x0000000042331000 	/usr/lib/system/libcommonCrypto.dylib
0x0000000042331000 	/usr/lib/system/libcompiler_rt.dylib
0x0000000042331000 	/usr/lib/system/libcopyfile.dylib
0x0000000042331000 	/usr/lib/system/libcorecrypto.dylib
0x0000000042331000 	/usr/lib/system/libdispatch.dylib
0x0000000042331000 	/usr/lib/system/libdyld.dylib
0x0000000042331000 	/usr/lib/system/libkeymgr.dylib
0x0000000042331000 	/usr/lib/system/liblaunch.dylib
0x0000000042331000 	/usr/lib/system/libmacho.dylib
0x0000000042331000 	/usr/lib/system/libquarantine.dylib
0x0000000042331000 	/usr/lib/system/libremovefile.dylib
0x0000000042331000 	/usr/lib/system/libsystem_asl.dylib
0x0000000042331000 	/usr/lib/system/libsystem_blocks.dylib
0x0000000042331000 	/usr/lib/system/libsystem_c.dylib
0x0000000042331000 	/usr/lib/system/libsystem_configuration.dylib
0x0000000042331000 	/usr/lib/system/libsystem_coreservices.dylib
0x0000000042331000 	/usr/lib/system/libsystem_coretls.dylib
0x0000000042331000 	/usr/lib/system/libsystem_dnssd.dylib
0x0000000042331000 	/usr/lib/system/libsystem_info.dylib
0x0000000042331000 	/usr/lib/system/libsystem_kernel.dylib
0x0000000042331000 	/usr/lib/system/libsystem_m.dylib
0x0000000042331000 	/usr/lib/system/libsystem_malloc.dylib
0x0000000042331000 	/usr/lib/system/libsystem_network.dylib
0x0000000042331000 	/usr/lib/system/libsystem_networkextension.dylib
0x0000000042331000 	/usr/lib/system/libsystem_notify.dylib
0x0000000042331000 	/usr/lib/system/libsystem_platform.dylib
0x0000000042331000 	/usr/lib/system/libsystem_pthread.dylib
0x0000000042331000 	/usr/lib/system/libsystem_sandbox.dylib
0x0000000042331000 	/usr/lib/system/libsystem_secinit.dylib
0x0000000042331000 	/usr/lib/system/libsystem_symptoms.dylib
0x0000000042331000 	/usr/lib/system/libsystem_trace.dylib
0x0000000042331000 	/usr/lib/system/libunwind.dylib
0x0000000042331000 	/usr/lib/system/libxpc.dylib
0x0000000042331000 	/usr/lib/libbsm.0.dylib
0x0000000042331000 	/usr/lib/system/libkxld.dylib
0x0000000042331000 	/usr/lib/libcoretls.dylib
0x0000000042331000 	/usr/lib/libcoretls_cfhelpers.dylib
0x0000000042331000 	/usr/lib/libOpenScriptingUtil.dylib
0x0000000042331000 	/usr/lib/libpam.2.dylib
0x0000000042331000 	/usr/lib/libsqlite3.dylib
0x0000000042331000 	/usr/lib/libxar.1.dylib
0x0000000042331000 	/usr/lib/libbz2.1.0.dylib
0x0000000042331000 	/usr/lib/liblzma.5.dylib
0x0000000042331000 	/usr/lib/libnetwork.dylib
0x0000000042331000 	/usr/lib/libpcap.A.dylib
0x0000000042331000 	/System/Library/Frameworks/CoreServices.framework/Versions/A/Frameworks/FSEvents.framework/Versions/A/FSEvents
0x0000000042331000 	/System/Library/Frameworks/CoreServices.framework/Versions/A/Frameworks/CarbonCore.framework/Versions/A/CarbonCore
0x0000000042331000 	/System/Library/Frameworks/CoreServices.framework/Versions/A/Frameworks/Metadata.framework/Versions/A/Metadata
0x0000000042331000 	/System/Library/Frameworks/CoreServices.framework/Versions/A/Frameworks/OSServices.framework/Versions/A/OSServices
0x0000000042331000 	/System/Library/Frameworks/CoreServices.framework/Versions/A/Frameworks/SearchKit.framework/Versions/A/SearchKit
0x0000000042331000 	/System/Library/Frameworks/CoreServices.framework/Versions/A/Frameworks/AE.framework/Versions/A/AE
0x0000000042331000 	/System/Library/Frameworks/CoreServices.framework/Versions/A/Frameworks/LaunchServices.framework/Versions/A/LaunchServices
0x0000000042331000 	/System/Library/Frameworks/CoreServices.framework/Versions/A/Frameworks/DictionaryServices.framework/Versions/A/DictionaryServices
0x0000000042331000 	/System/Library/Frameworks/CoreServices.framework/Versions/A/Frameworks/SharedFileList.framework/Versions/A/SharedFileList
0x0000000042331000 	/System/Library/Frameworks/NetFS.framework/Versions/A/NetFS
0x0000000042331000 	/System/Library/PrivateFrameworks/NetAuth.framework/Versions/A/NetAuth
0x0000000042331000 	/System/Library/PrivateFrameworks/login.framework/Versions/A/Frameworks/loginsupport.framework/Versions/A/loginsupport
0x0000000042331000 	/System/Library/PrivateFrameworks/TCC.framework/Versions/A/TCC
0x0000000042331000 	/usr/lib/libmecabra.dylib
0x0000000042331000 	/System/Library/Frameworks/ApplicationServices.framework/Versions/A/Frameworks/ATS.framework/Versions/A/ATS
0x0000000042331000 	/System/Library/Frameworks/ApplicationServices.framework/Versions/A/Frameworks/ColorSync.framework/Versions/A/ColorSync
0x0000000042331000 	/System/Library/Frameworks/ApplicationServices.framework/Versions/A/Frameworks/HIServices.framework/Versions/A/HIServices
0x0000000042331000 	/System/Library/Frameworks/ApplicationServices.framework/Versions/A/Frameworks/LangAnalysis.framework/Versions/A/LangAnalysis
0x0000000042331000 	/System/Library/Frameworks/ApplicationServices.framework/Versions/A/Frameworks/PrintCore.framework/Versions/A/PrintCore
0x0000000042331000 	/System/Library/Frameworks/ApplicationServices.framework/Versions/A/Frameworks/QD.framework/Versions/A/QD
0x0000000042331000 	/System/Library/Frameworks/ApplicationServices.framework/Versions/A/Frameworks/SpeechSynthesis.framework/Versions/A/SpeechSynthesis
0x0000000042331000 	/System/Library/Frameworks/Accelerate.framework/Versions/A/Frameworks/vImage.framework/Versions/A/vImage
0x0000000042331000 	/System/Library/Frameworks/Accelerate.framework/Versions/A/Frameworks/vecLib.framework/Versions/A/vecLib
0x0000000042331000 	/System/Library/Frameworks/Accelerate.framework/Versions/A/Frameworks/vecLib.framework/Versions/A/libvDSP.dylib
0x0000000042331000 	/System/Library/Frameworks/Accelerate.framework/Versions/A/Frameworks/vecLib.framework/Versions/A/libBNNS.dylib
0x0000000042331000 	/System/Library/Frameworks/Accelerate.framework/Versions/A/Frameworks/vecLib.framework/Versions/A/libQuadrature.dylib
0x0000000042331000 	/System/Library/Frameworks/Accelerate.framework/Versions/A/Frameworks/vecLib.framework/Versions/A/libvMisc.dylib
0x0000000042331000 	/System/Library/Frameworks/Accelerate.framework/Versions/A/Frameworks/vecLib.framework/Versions/A/libLAPACK.dylib
0x0000000042331000 	/System/Library/Frameworks/Accelerate.framework/Versions/A/Frameworks/vecLib.framework/Versions/A/libBLAS.dylib
0x0000000042331000 	/System/Library/Frameworks/Accelerate.framework/Versions/A/Frameworks/vecLib.framework/Versions/A/libLinearAlgebra.dylib
0x0000000042331000 	/System/Library/Frameworks/Accelerate.framework/Versions/A/Frameworks/vecLib.framework/Versions/A/libSparseBLAS.dylib
0x0000000042331000 	/System/Library/Frameworks/ApplicationServices.framework/Versions/A/Frameworks/ATS.framework/Versions/A/Resources/libFontParser.dylib
0x0000000042331000 	/System/Library/Frameworks/ApplicationServices.framework/Versions/A/Frameworks/ATS.framework/Versions/A/Resources/libFontRegistry.dylib
0x0000000042331000 	/System/Library/Frameworks/ImageIO.framework/Versions/A/Resources/libJPEG.dylib
0x0000000042331000 	/System/Library/Frameworks/ImageIO.framework/Versions/A/Resources/libTIFF.dylib
0x0000000042331000 	/System/Library/Frameworks/ImageIO.framework/Versions/A/Resources/libPng.dylib
0x0000000042331000 	/System/Library/Frameworks/ImageIO.framework/Versions/A/Resources/libGIF.dylib
0x0000000042331000 	/System/Library/Frameworks/ImageIO.framework/Versions/A/Resources/libJP2.dylib
0x0000000042331000 	/System/Library/Frameworks/ImageIO.framework/Versions/A/Resources/libRadiance.dylib
0x0000000042331000 	/usr/lib/libcompression.dylib
0x0000000042331000 	/System/Library/PrivateFrameworks/AppleJPEG.framework/Versions/A/AppleJPEG
0x0000000042331000 	/usr/lib/libcups.2.dylib
0x0000000042331000 	/System/Library/Frameworks/Kerberos.framework/Versions/A/Kerberos
0x0000000042331000 	/System/Library/Frameworks/GSS.framework/Versions/A/GSS
0x0000000042331000 	/usr/lib/libresolv.9.dylib
0x0000000042331000 	/usr/lib/libiconv.2.dylib
0x0000000042331000 	/System/Library/PrivateFrameworks/Heimdal.framework/Versions/A/Heimdal
0x0000000042331000 	/usr/lib/libheimdal-asn1.dylib
0x0000000042331000 	/System/Library/Frameworks/OpenDirectory.framework/Versions/A/OpenDirectory
0x0000000042331000 	/System/Library/PrivateFrameworks/CommonAuth.framework/Versions/A/CommonAuth
0x0000000042331000 	/System/Library/Frameworks/OpenDirectory.framework/Versions/A/Frameworks/CFOpenDirectory.framework/Versions/A/CFOpenDirectory
0x0000000042331000 	/System/Library/Frameworks/SecurityFoundation.framework/Versions/A/SecurityFoundation
0x0000000042331000 	/System/Library/PrivateFrameworks/LanguageModeling.framework/Versions/A/LanguageModeling
0x0000000042331000 	/usr/lib/libmarisa.dylib
0x0000000042331000 	/usr/lib/libChineseTokenizer.dylib
0x0000000042331000 	/usr/lib/libcmph.dylib
0x0000000042331000 	/System/Library/PrivateFrameworks/CoreEmoji.framework/Versions/A/CoreEmoji
0x0000000042331000 	/System/Library/Frameworks/ServiceManagement.framework/Versions/A/ServiceManagement
0x0000000042331000 	/usr/lib/libxslt.1.dylib
0x0000000042331000 	/System/Library/Frameworks/Carbon.framework/Versions/A/Frameworks/Ink.framework/Versions/A/Ink
0x0000000042331000 	/System/Library/PrivateFrameworks/TextureIO.framework/Versions/A/TextureIO
0x0000000042331000 	/System/Library/Frameworks/Metal.framework/Versions/A/Metal
0x0000000042331000 	/usr/lib/libate.dylib
0x0000000042331000 	/System/Library/PrivateFrameworks/GPUCompiler.framework/libmetal_timestamp.dylib
0x0000000042331000 	/System/Library/Frameworks/OpenGL.framework/Versions/A/Libraries/libCoreFSCache.dylib
0x0000000042331000 	/System/Library/PrivateFrameworks/IOAccelerator.framework/Versions/A/IOAccelerator
0x0000000042331000 	/System/Library/Frameworks/CoreVideo.framework/Versions/A/CoreVideo
0x0000000042331000 	/usr/lib/libFosl_dynamic.dylib
0x0000000042331000 	/System/Library/PrivateFrameworks/MetalPerformanceShaders.framework/Versions/A/MetalPerformanceShaders
0x0000000042331000 	/System/Library/PrivateFrameworks/FaceCore.framework/Versions/A/FaceCore
0x0000000042331000 	/System/Library/Frameworks/OpenCL.framework/Versions/A/OpenCL
0x0000000042331000 	/System/Library/Frameworks/OpenGL.framework/Versions/A/Libraries/libGLU.dylib
0x0000000042331000 	/System/Library/Frameworks/OpenGL.framework/Versions/A/Libraries/libGFXShared.dylib
0x0000000042331000 	/System/Library/Frameworks/OpenGL.framework/Versions/A/Libraries/libGL.dylib
0x0000000042331000 	/System/Library/Frameworks/OpenGL.framework/Versions/A/Libraries/libGLImage.dylib
0x0000000042331000 	/System/Library/Frameworks/OpenGL.framework/Versions/A/Libraries/libCVMSPluginSupport.dylib
0x0000000042331000 	/System/Library/Frameworks/OpenGL.framework/Versions/A/Libraries/libCoreVMClient.dylib
0x0000000042331000 	/System/Library/PrivateFrameworks/CrashReporterSupport.framework/Versions/A/CrashReporterSupport
0x0000000042331000 	/System/Library/PrivateFrameworks/Sharing.framework/Versions/A/Sharing
0x0000000042331000 	/System/Library/PrivateFrameworks/IconServices.framework/Versions/A/IconServices
0x0000000042331000 	/System/Library/PrivateFrameworks/ProtocolBuffer.framework/Versions/A/ProtocolBuffer
0x0000000042331000 	/System/Library/PrivateFrameworks/Apple80211.framework/Versions/A/Apple80211
0x0000000042331000 	/System/Library/Frameworks/CoreWLAN.framework/Versions/A/CoreWLAN
0x0000000042331000 	/System/Library/PrivateFrameworks/CoreUtils.framework/Versions/A/CoreUtils
0x0000000042331000 	/System/Library/Frameworks/IOBluetooth.framework/Versions/A/IOBluetooth
0x0000000042331000 	/System/Library/PrivateFrameworks/CoreWiFi.framework/Versions/A/CoreWiFi
0x0000000042331000 	/System/Library/Frameworks/CoreBluetooth.framework/Versions/A/CoreBluetooth
0x0000000042331000 	/System/Library/Frameworks/CoreDisplay.framework/Versions/A/CoreDisplay
0x0000000042331000 	/System/Library/PrivateFrameworks/IOPresentment.framework/Versions/A/IOPresentment
0x0000000042331000 	/System/Library/PrivateFrameworks/DSExternalDisplay.framework/Versions/A/DSExternalDisplay
0x0000000042331000 	/System/Library/PrivateFrameworks/DebugSymbols.framework/Versions/A/DebugSymbols
0x0000000042331000 	/System/Library/PrivateFrameworks/CoreSymbolication.framework/Versions/A/CoreSymbolication
0x0000000042331000 	/System/Library/PrivateFrameworks/Symbolication.framework/Versions/A/Symbolication
0x0000000042331000 	/System/Library/PrivateFrameworks/AppleFSCompression.framework/Versions/A/AppleFSCompression
0x0000000042331000 	/System/Library/PrivateFrameworks/SpeechRecognitionCore.framework/Versions/A/SpeechRecognitionCore
0x0000000042331000 	/System/Library/PrivateFrameworks/ChunkingLibrary.framework/Versions/A/ChunkingLibrary
0x0000000108800000 	/Library/Java/JavaVirtualMachines/jdk1.8.0_161.jdk/Contents/Home/jre/lib/server/libjvm.dylib
0x0000000042331000 	/usr/lib/libstdc++.6.dylib
0x00000001097ae000 	/Library/Java/JavaVirtualMachines/jdk1.8.0_161.jdk/Contents/Home/jre/lib/libverify.dylib
0x00000001097bc000 	/Library/Java/JavaVirtualMachines/jdk1.8.0_161.jdk/Contents/Home/jre/lib/libjava.dylib
0x00000001097f2000 	/Library/Java/JavaVirtualMachines/jdk1.8.0_161.jdk/Contents/Home/jre/lib/libinstrument.dylib
0x0000000109846000 	/Library/Java/JavaVirtualMachines/jdk1.8.0_161.jdk/Contents/Home/jre/lib/libzip.dylib
0x0000000115e8d000 	/Library/Java/JavaVirtualMachines/jdk1.8.0_161.jdk/Contents/Home/jre/lib/libnet.dylib
0x000000011603d000 	/Library/Java/JavaVirtualMachines/jdk1.8.0_161.jdk/Contents/Home/jre/lib/libnio.dylib
0x000000011620c000 	/Library/Java/JavaVirtualMachines/jdk1.8.0_161.jdk/Contents/Home/jre/lib/libsunec.dylib
0x00000001162f4000 	/Library/Java/JavaVirtualMachines/jdk1.8.0_161.jdk/Contents/Home/jre/lib/libawt.dylib
0x000000012739a000 	/Library/Java/JavaVirtualMachines/jdk1.8.0_161.jdk/Contents/Home/jre/lib/./libmlib_image.dylib
0x000000011639e000 	/System/Library/Frameworks/JavaVM.framework/Versions/A/Frameworks/JavaNativeFoundation.framework/Versions/A/JavaNativeFoundation
0x00000001163b3000 	/System/Library/Frameworks/JavaVM.framework/Versions/A/Frameworks/JavaRuntimeSupport.framework/Versions/A/JavaRuntimeSupport
0x00000001163cd000 	/System/Library/Frameworks/JavaVM.framework/Versions/A/JavaVM
0x00000001163da000 	/System/Library/PrivateFrameworks/JavaLaunching.framework/Versions/A/JavaLaunching
0x0000000042331000 	/System/Library/Frameworks/Carbon.framework/Versions/A/Carbon
0x0000000042331000 	/System/Library/Frameworks/Carbon.framework/Versions/A/Frameworks/CommonPanels.framework/Versions/A/CommonPanels
0x0000000042331000 	/System/Library/Frameworks/Carbon.framework/Versions/A/Frameworks/Help.framework/Versions/A/Help
0x0000000042331000 	/System/Library/Frameworks/Carbon.framework/Versions/A/Frameworks/ImageCapture.framework/Versions/A/ImageCapture
0x0000000042331000 	/System/Library/Frameworks/Carbon.framework/Versions/A/Frameworks/OpenScripting.framework/Versions/A/OpenScripting
0x0000000042331000 	/System/Library/Frameworks/Carbon.framework/Versions/A/Frameworks/Print.framework/Versions/A/Print
0x0000000042331000 	/System/Library/Frameworks/Carbon.framework/Versions/A/Frameworks/SecurityHI.framework/Versions/A/SecurityHI
0x0000000127466000 	/Library/Java/JavaVirtualMachines/jdk1.8.0_161.jdk/Contents/Home/jre/lib/libawt_lwawt.dylib
0x00000001163e6000 	/Library/Java/JavaVirtualMachines/jdk1.8.0_161.jdk/Contents/Home/jre/lib/./libosxapp.dylib
0x0000000042331000 	/System/Library/Frameworks/ExceptionHandling.framework/Versions/A/ExceptionHandling
0x0000000042331000 	/System/Library/PrivateFrameworks/CoreServicesInternal.framework/Versions/A/CoreServicesInternal
0x0000000042331000 	/System/Library/CoreServices/RawCamera.bundle/Contents/MacOS/RawCamera
0x0000000042331000 	/System/Library/Frameworks/Accelerate.framework/Versions/A/Frameworks/vImage.framework/Versions/A/Libraries/libCGInterfaces.dylib
0x0000000042331000 	/System/Library/Frameworks/ApplicationServices.framework/Versions/A/Frameworks/ATS.framework/Versions/A/Resources/libTrueTypeScaler.dylib
0x00000001295e6000 	/System/Library/Frameworks/OpenGL.framework/Resources/GLEngine.bundle/GLEngine
0x0000000042331000 	/System/Library/Frameworks/OpenGL.framework/Versions/A/Libraries/libGLProgrammability.dylib
0x00000001297cb000 	/System/Library/Extensions/AppleIntelHD5000GraphicsGLDriver.bundle/Contents/MacOS/AppleIntelHD5000GraphicsGLDriver
0x0000000042331000 	/System/Library/PrivateFrameworks/GPUSupport.framework/Versions/A/Libraries/libGPUSupportMercury.dylib
0x00000001287b9000 	/System/Library/Frameworks/OpenGL.framework/Resources//GLRendererFloat.bundle/GLRendererFloat
0x0000000042331000 	/System/Library/Frameworks/OpenCL.framework/Versions/A/Libraries/libcldcpuengine.dylib
0x0000000042331000 	/usr/lib/libcrypto.0.9.8.dylib
0x0000000042331000 	/System/Library/PrivateFrameworks/TrustEvaluationAgent.framework/Versions/A/TrustEvaluationAgent
0x0000000129f39000 	/System/Library/Extensions/AppleIntelHD5000GraphicsMTLDriver.bundle/Contents/MacOS/AppleIntelHD5000GraphicsMTLDriver
0x0000000042331000 	/System/Library/PrivateFrameworks/FamilyControls.framework/Versions/A/FamilyControls
0x0000000042331000 	/System/Library/PrivateFrameworks/CommerceKit.framework/Versions/A/Frameworks/CommerceCore.framework/Versions/A/CommerceCore
0x0000000042331000 	/System/Library/PrivateFrameworks/SystemAdministration.framework/Versions/A/SystemAdministration
0x0000000042331000 	/System/Library/PrivateFrameworks/AppContainer.framework/Versions/A/AppContainer
0x0000000042331000 	/System/Library/PrivateFrameworks/SecCodeWrapper.framework/Versions/A/SecCodeWrapper
0x0000000042331000 	/System/Library/Frameworks/DirectoryService.framework/Versions/A/DirectoryService
0x0000000042331000 	/System/Library/PrivateFrameworks/DiskImages.framework/Versions/A/DiskImages
0x0000000042331000 	/System/Library/PrivateFrameworks/LoginUIKit.framework/Versions/A/Frameworks/LoginUICore.framework/Versions/A/LoginUICore
0x0000000042331000 	/usr/lib/libCoreStorage.dylib
0x0000000042331000 	/usr/lib/libcsfde.dylib
0x0000000042331000 	/usr/lib/libodfde.dylib
0x0000000042331000 	/System/Library/Frameworks/DiscRecording.framework/Versions/A/DiscRecording
0x0000000042331000 	/usr/lib/libcurl.4.dylib
0x0000000042331000 	/System/Library/PrivateFrameworks/MediaKit.framework/Versions/A/MediaKit
0x0000000042331000 	/System/Library/PrivateFrameworks/ProtectedCloudStorage.framework/Versions/A/ProtectedCloudStorage
0x0000000042331000 	/System/Library/PrivateFrameworks/EFILogin.framework/Versions/A/EFILogin
0x0000000042331000 	/usr/lib/libutil.dylib
0x0000000042331000 	/System/Library/Frameworks/LDAP.framework/Versions/A/LDAP
0x0000000042331000 	/usr/lib/libsasl2.2.dylib
0x0000000042331000 	/System/Library/PrivateFrameworks/CoreDaemon.framework/Versions/B/CoreDaemon
0x0000000042331000 	/System/Library/PrivateFrameworks/AppleSRP.framework/Versions/A/AppleSRP
0x0000000042331000 	/System/Library/PrivateFrameworks/APFS.framework/Versions/A/APFS
0x0000000116186000 	/Users/santoshsrinivas/Library/Caches/JNA/temp/jna1885662824059413805.tmp
0x000000012b441000 	/usr/local/lib/libtesseract.dylib
0x000000012b6dc000 	/usr/local/opt/leptonica/lib/liblept.5.dylib
0x000000012b8ed000 	/usr/local/opt/libpng/lib/libpng16.16.dylib
0x000000012b919000 	/usr/local/opt/jpeg/lib/libjpeg.9.dylib
0x000000011610d000 	/usr/local/opt/giflib/lib/libgif.dylib
0x000000012b94c000 	/usr/local/opt/libtiff/lib/libtiff.5.dylib
0x000000011619c000 	/usr/local/opt/webp/lib/libwebpmux.3.dylib
0x000000012b9b7000 	/usr/local/opt/webp/lib/libwebp.7.dylib
0x000000012ba18000 	/usr/local/opt/openjpeg/lib/libopenjp2.7.dylib

VM Arguments:
jvm_args: -javaagent:/Applications/IntelliJ IDEA CE.app/Contents/lib/idea_rt.jar=64915:/Applications/IntelliJ IDEA CE.app/Contents/bin -Dfile.encoding=UTF-8 
java_command: ocrdemo.ReadCaptcha
java_class_path (initial): /Library/Java/JavaVirtualMachines/jdk1.8.0_161.jdk/Contents/Home/jre/lib/charsets.jar:/Library/Java/JavaVirtualMachines/jdk1.8.0_161.jdk/Contents/Home/jre/lib/deploy.jar:/Library/Java/JavaVirtualMachines/jdk1.8.0_161.jdk/Contents/Home/jre/lib/ext/cldrdata.jar:/Library/Java/JavaVirtualMachines/jdk1.8.0_161.jdk/Contents/Home/jre/lib/ext/dnsns.jar:/Library/Java/JavaVirtualMachines/jdk1.8.0_161.jdk/Contents/Home/jre/lib/ext/jaccess.jar:/Library/Java/JavaVirtualMachines/jdk1.8.0_161.jdk/Contents/Home/jre/lib/ext/jfxrt.jar:/Library/Java/JavaVirtualMachines/jdk1.8.0_161.jdk/Contents/Home/jre/lib/ext/localedata.jar:/Library/Java/JavaVirtualMachines/jdk1.8.0_161.jdk/Contents/Home/jre/lib/ext/nashorn.jar:/Library/Java/JavaVirtualMachines/jdk1.8.0_161.jdk/Contents/Home/jre/lib/ext/sunec.jar:/Library/Java/JavaVirtualMachines/jdk1.8.0_161.jdk/Contents/Home/jre/lib/ext/sunjce_provider.jar:/Library/Java/JavaVirtualMachines/jdk1.8.0_161.jdk/Contents/Home/jre/lib/ext/sunpkcs11.jar:/Library/Java/JavaVirtualMachines/jdk1.8.0_161.jdk/Contents/Home/jre/lib/ext/zipfs.jar:/Library/Java/JavaVirtualMachines/jdk1.8.0_161.jdk/Contents/Home/jre/lib/javaws.jar:/Library/Java/JavaVirtualMachines/jdk1.8.0_161.jdk/Contents/Home/jre/lib/jce.jar:/Library/Java/JavaVirtualMachines/jdk1.8.0_161.jdk/Contents/Home/jre/lib/jfr.jar:/Library/Java/JavaVirtualMachines/jdk1.8.0_161.jdk/Contents/Home/jre/lib/jfxswt.jar:/Library/Java/JavaVirtualMachines/jdk1.8.0_161.jdk/Contents/Home/jre/lib/jsse.jar:/Library/Java/JavaVirtualMachines/jdk1.8.0_161.jdk/Contents/Home/jre/lib/management-agent.jar:/Library/Java/JavaVirtualMachines/jdk1.8.0_161.jdk/Contents/Home/jre/lib/plugin.jar:/Library/Java/JavaVirtualMachines/jdk1.8.0_161.jdk/Contents/Home/jre/lib/resources.jar:/Library/Java/JavaVirtualMachines/jdk1.8.0_161.jdk/Contents/Home/jre/lib/rt.jar:/Library/Java/JavaVirtualMachines/jdk1.8.0_161.jdk/Contents/Home/lib/ant-javafx.jar:/Library/Java/JavaVirtualMachines/jdk1.8.0_161.jdk/Contents/Home
Launcher Type: SUN_STANDARD

Environment Variables:
PATH=/Users/santoshsrinivas/bin:/Users/santoshsrinivas/bin:/Library/Frameworks/Python.framework/Versions/2.7/bin:/Users/santoshsrinivas/Library/Python/2.7/bin:/usr/local/bin:/usr/bin:/bin:/usr/sbin:/sbin
SHELL=/bin/zsh

Signal Handlers:
SIGSEGV: [libjvm.dylib+0x5b5439], sa_mask[0]=11111111011111110111111111111111, sa_flags=SA_ONSTACK|SA_RESTART|SA_SIGINFO
SIGBUS: [libjvm.dylib+0x5b5439], sa_mask[0]=11111111011111110111111111111111, sa_flags=SA_RESTART|SA_SIGINFO
SIGFPE: [libjvm.dylib+0x48ae24], sa_mask[0]=11111111011111110111111111111111, sa_flags=SA_RESTART|SA_SIGINFO
SIGPIPE: [libjvm.dylib+0x48ae24], sa_mask[0]=11111111011111110111111111111111, sa_flags=SA_RESTART|SA_SIGINFO
SIGXFSZ: [libjvm.dylib+0x48ae24], sa_mask[0]=11111111011111110111111111111111, sa_flags=SA_RESTART|SA_SIGINFO
SIGILL: [libjvm.dylib+0x48ae24], sa_mask[0]=11111111011111110111111111111111, sa_flags=SA_RESTART|SA_SIGINFO
SIGUSR1: SIG_DFL, sa_mask[0]=00000000000000000000000000000000, sa_flags=none
SIGUSR2: [libjvm.dylib+0x48a942], sa_mask[0]=00100000000000000000000000000000, sa_flags=SA_RESTART|SA_SIGINFO
SIGHUP: [libjvm.dylib+0x488f0d], sa_mask[0]=11111111011111110111111111111111, sa_flags=SA_RESTART|SA_SIGINFO
SIGINT: [libjvm.dylib+0x488f0d], sa_mask[0]=11111111011111110111111111111111, sa_flags=SA_RESTART|SA_SIGINFO
SIGTERM: [libjvm.dylib+0x488f0d], sa_mask[0]=11111111011111110111111111111111, sa_flags=SA_RESTART|SA_SIGINFO
SIGQUIT: [libjvm.dylib+0x488f0d], sa_mask[0]=11111111011111110111111111111111, sa_flags=SA_RESTART|SA_SIGINFO


---------------  S Y S T E M  ---------------

OS:Bsduname:Darwin 16.7.0 Darwin Kernel Version 16.7.0: Wed Apr 24 20:50:53 PDT 2019; root:xnu-3789.73.49~1/RELEASE_X86_64 x86_64
rlimit: STACK 8192k, CORE 0k, NPROC 709, NOFILE 10240, AS infinity
load average:3.88 4.59 4.22

CPU:total 8 (initial active 8) (4 cores per cpu, 2 threads per core) family 6 model 70 stepping 1, cmov, cx8, fxsr, mmx, sse, sse2, sse3, ssse3, sse4.1, sse4.2, popcnt, avx, avx2, aes, clmul, erms, lzcnt, ht, tsc, tscinvbit, bmi1, bmi2

Memory: 4k page, physical 16777216k(1163712k free)

/proc/meminfo:


vm_info: Java HotSpot(TM) 64-Bit Server VM (25.161-b12) for bsd-amd64 JRE (1.8.0_161-b12), built on Dec 19 2017 16:22:20 by "java_re" with gcc 4.2.1 (Based on Apple Inc. build 5658) (LLVM build 2336.11.00)

time: Tue May 12 15:25:56 2020
elapsed time: 12 seconds (0d 0h 0m 12s)

